  N--  FpI=  0
  
    MV    SD  r(Pd) dRV    Name               dRVI      Co   Wgt Ctr
 ----------------------------------------------------------------- ---
  11.5   4.5   0.83  69.72    Georg             69.05    0.55  55  44
 ----------------------------------------------------------------- ---
  11.5   4.8   0.66   7.95    Donnerstag         4.83    0.19  21  13
  11.2   4.4   0.75   6.66    Föhni              3.79    0.24  24  17
 ----------------------------------------------------------------- ---
               RMSE E(RMSI)   RV(HC)  E(RVI)  Const N_Pr N_Obs
  11.6   4.70  2.39    2.50       0       3    0.29   3  200

  
  rSd  FpI=  0
  
    MV    SD  r(Pd) dRV    Name               dRVI      Co   Wgt Ctr
 ----------------------------------------------------------------- ---
  12.5  11.0   0.78  60.84    Georg             60.10    0.83 100  61
 ----------------------------------------------------------------- ---
               RMSE E(RMSI)   RV(HC)  E(RVI)  Const N_Pr N_Obs
   9.4  11.69  7.31    7.38       0       1   -1.00   1  200

  
  dd-  FpI=  0
  
    MV    SD  r(Pd) dRV    Name               dRVI      Co   Wgt Ctr
 ----------------------------------------------------------------- ---
   9.2   9.7   0.93  87.42    Jade              87.13    0.52  57  51
 ----------------------------------------------------------------- ---
   8.8   9.4   0.93  16.08    fresh             13.24    0.41  43  39
 ----------------------------------------------------------------- ---
               RMSE E(RMSI)   RV(HC)  E(RVI)  Const N_Pr N_Obs
   8.9   9.32  3.03    3.11       0       2    0.44   2  200

  
  ff-  FpI=  0
  
    MV    SD  r(Pd) dRV    Name               dRVI      Co   Wgt Ctr
 ----------------------------------------------------------------- ---
   8.2   3.5   0.85  72.59    Ms.Os             71.98    0.91 100  73
 ----------------------------------------------------------------- ---
               RMSE E(RMSI)   RV(HC)  E(RVI)  Const N_Pr N_Obs
   9.0   3.79  1.99    2.01       0       1    1.52   1  200

  
  fx-  FpI=  0
  
    MV    SD  r(Pd) dRV    Name               dRVI      Co   Wgt Ctr
 ----------------------------------------------------------------- ---
   3.6   1.5   0.83  69.39    GHOSTofTEMPELHOF  68.82    0.52  48  39
 ----------------------------------------------------------------- ---
   3.9   1.8   0.82  17.14    fresh             14.31    0.38  41  34
   3.7   1.9   0.26   4.49    Donnerstag         1.29    0.10  11   3
 ----------------------------------------------------------------- ---
               RMSE E(RMSI)   RV(HC)  E(RVI)  Const N_Pr N_Obs
   3.8   1.64  0.81    0.84       0       3    0.08   3  200

  
  Wv-  FpI=  0
  
    MV    SD  r(Pd) dRV    Name               dRVI      Co   Wgt Ctr
 ----------------------------------------------------------------- ---
   6.2   4.2   0.78  60.37    DWD-MOS-MIX-test  59.54    0.41  42  33
 ----------------------------------------------------------------- ---
   6.0   4.2   0.67  13.25    Heiko             10.31    0.21  21  14
   6.8   4.4   0.50   5.57    Donnerstag         2.63    0.17  18   9
   6.7   4.4   0.66   3.80    ambot_lang         1.35    0.18  19  13
 ----------------------------------------------------------------- ---
               RMSE E(RMSI)   RV(HC)  E(RVI)  Const N_Pr N_Obs
   8.0   4.07  2.26    2.40       0       4    1.92   4  200

  
  Wn-  FpI=  0
  
    MV    SD  r(Pd) dRV    Name               dRVI      Co   Wgt Ctr
 ----------------------------------------------------------------- ---
   7.5   3.3   0.76  57.61    sferics           56.82    0.59  59  36
 ----------------------------------------------------------------- ---
   7.3   3.3   0.74   7.29    Bibertaler         4.12    0.42  41  25
 ----------------------------------------------------------------- ---
               RMSE E(RMSI)   RV(HC)  E(RVI)  Const N_Pr N_Obs
   8.7   4.09  2.56    2.63       0       2    1.23   2  200

  
  PPP  FpI=  0
  
    MV    SD  r(Pd) dRV    Name               dRVI      Co   Wgt Ctr
 ----------------------------------------------------------------- ---
  16.0   9.2   0.98  95.65    GHOSTofTEMPELHOF  95.51    1.07  92  90
 ----------------------------------------------------------------- ---
  15.7   7.5   0.72   7.45    Donnerstag         4.27    0.11   8   6
 ----------------------------------------------------------------- ---
               RMSE E(RMSI)   RV(HC)  E(RVI)  Const N_Pr N_Obs
  15.1  10.65  2.15    2.21       0       2   -3.85   2  200

  
  TTm  FpI=  0
  
    MV    SD  r(Pd) dRV    Name               dRVI      Co   Wgt Ctr
 ----------------------------------------------------------------- ---
  21.3  14.3   0.98  95.45    snowthom          95.31    0.95 100  95
 ----------------------------------------------------------------- ---
               RMSE E(RMSI)   RV(HC)  E(RVI)  Const N_Pr N_Obs
  22.0  13.92  2.98    3.01       0       1    1.67   1  200

  
  TTn  FpI=  0
  
    MV    SD  r(Pd) dRV    Name               dRVI      Co   Wgt Ctr
 ----------------------------------------------------------------- ---
   8.9  10.2   0.88  78.32    Ms.Os             77.80    0.83 100  78
 ----------------------------------------------------------------- ---
               RMSE E(RMSI)   RV(HC)  E(RVI)  Const N_Pr N_Obs
  10.0   9.62  4.49    4.53       0       1    2.56   1  200

  
  TTd  FpI=  0
  
    MV    SD  r(Pd) dRV    Name               dRVI      Co   Wgt Ctr
 ----------------------------------------------------------------- ---
   6.7   8.8   0.85  71.91    Schneegewitter    71.32    0.87 100  72
 ----------------------------------------------------------------- ---
               RMSE E(RMSI)   RV(HC)  E(RVI)  Const N_Pr N_Obs
   7.7   8.93  4.74    4.78       0       1    1.84   1  200

  
  RR-  FpI=  0
  
    MV    SD  r(Pd) dRV    Name               dRVI      Co   Wgt Ctr
 ----------------------------------------------------------------- ---
   9.9   3.7   0.72  51.84    Nikosik           50.81    0.73 100  52
 ----------------------------------------------------------------- ---
               RMSE E(RMSI)   RV(HC)  E(RVI)  Const N_Pr N_Obs
  10.4   3.77  2.62    2.64       0       1    3.18   1  200

  
