  N--  FpI=  0
  
    MV    SD  r(Pd) dRV    Name               dRVI      Co   Wgt Ctr
 ----------------------------------------------------------------- ---
  10.7   4.9   0.87  75.00    Georg             74.80    0.30  33  26
 ----------------------------------------------------------------- ---
  10.7   4.4   0.85   5.76    Martridini         4.66    0.29  29  22
  10.6   4.6   0.86   2.96    Nikosik            2.07    0.36  38  29
 ----------------------------------------------------------------- ---
               RMSE E(RMSI)   RV(HC)  E(RVI)  Const N_Pr N_Obs
  10.7   4.89  2.33    2.37       0       3    0.58   3  574

  
  rSd  FpI=  0
  
    MV    SD  r(Pd) dRV    Name               dRVI      Co   Wgt Ctr
 ----------------------------------------------------------------- ---
  12.3   9.9   0.90  81.90    Georg             81.74    0.42  42  35
 ----------------------------------------------------------------- ---
  12.5   9.5   0.90   3.03    Schneegewitter     1.91    0.32  31  26
  12.1   9.6   0.89   1.77    Michi23            0.73    0.27  27  22
 ----------------------------------------------------------------- ---
               RMSE E(RMSI)   RV(HC)  E(RVI)  Const N_Pr N_Obs
  11.6  10.62  4.41    4.48       0       3   -0.76   3  574

  
  dd-  FpI=  0
  
    MV    SD  r(Pd) dRV    Name               dRVI      Co   Wgt Ctr
 ----------------------------------------------------------------- ---
   9.9   9.4   0.95  90.06    Georg             89.93    0.54  58  53
 ----------------------------------------------------------------- ---
   9.7   9.2   0.94  15.76    Pfingstochse      14.76    0.41  42  39
 ----------------------------------------------------------------- ---
               RMSE E(RMSI)   RV(HC)  E(RVI)  Const N_Pr N_Obs
   9.7   9.09  2.64    2.66       0       2    0.41   2  574

  
  ff-  FpI=  0
  
    MV    SD  r(Pd) dRV    Name               dRVI      Co   Wgt Ctr
 ----------------------------------------------------------------- ---
   9.6   3.7   0.89  79.57    ambot_lang        79.38    0.44  41  33
 ----------------------------------------------------------------- ---
  10.3   4.0   0.89   5.81    Schneegewitter     4.70    0.37  37  30
   9.7   3.7   0.88   1.82    Mammatus95         0.72    0.25  23  18
 ----------------------------------------------------------------- ---
               RMSE E(RMSI)   RV(HC)  E(RVI)  Const N_Pr N_Obs
   9.9   4.43  1.93    1.96       0       3   -0.53   3  574

  
       0: Error= -13.9 Obs=  32.0 Pr=    20.0    16.0    16.0
  fx-  FpI=  0
  
    MV    SD  r(Pd) dRV    Name               dRVI      Co   Wgt Ctr
 ----------------------------------------------------------------- ---
   3.9   1.9   0.87  75.00    Nikosik           74.89    0.42  45  35
 ----------------------------------------------------------------- ---
   4.0   1.8   0.86  10.63    Heiko              9.60    0.34  35  27
   3.9   1.8   0.83   2.76    polarfuchs         1.66    0.20  21  16
 ----------------------------------------------------------------- ---
               RMSE E(RMSI)   RV(HC)  E(RVI)  Const N_Pr N_Obs
   4.0   1.93  0.90    0.91       0       3    0.25   3  574

  
  Wv-  FpI=  0
  
    MV    SD  r(Pd) dRV    Name               dRVI      Co   Wgt Ctr
 ----------------------------------------------------------------- ---
   6.4   4.3   0.80  63.36    humilis91         63.14    0.16  18  14
 ----------------------------------------------------------------- ---
   6.5   4.4   0.78   8.35    MSwr-GFS-MOS       7.29    0.20  24  17
   6.1   4.2   0.75   5.34    Nikosik            4.27    0.18  21  14
   7.0   4.5   0.75   3.92    Ms.Os              3.03    0.18  21  14
   6.6   4.1   0.75   2.13    polarfuchs         1.04    0.15  16  11
 ----------------------------------------------------------------- ---
               RMSE E(RMSI)   RV(HC)  E(RVI)  Const N_Pr N_Obs
   8.2   4.08  2.23    2.28       0       5    2.50   5  574

  
  Wn-  FpI=  0
  
    MV    SD  r(Pd) dRV    Name               dRVI      Co   Wgt Ctr
 ----------------------------------------------------------------- ---
   8.0   3.5   0.73  53.58    Pfingstochse      53.23    0.34  33  21
 ----------------------------------------------------------------- ---
   7.6   3.2   0.68  11.36    polarfuchs        10.35    0.33  29  18
   7.8   3.4   0.71   3.31    Bibertaler         2.46    0.24  23  15
   7.7   3.4   0.59   2.19    Föhni              1.09    0.15  14   7
 ----------------------------------------------------------------- ---
               RMSE E(RMSI)   RV(HC)  E(RVI)  Const N_Pr N_Obs
   8.3   4.02  2.51    2.56       0       4    0.01   4  574

  
  PPP  FpI=  0
  
    MV    SD  r(Pd) dRV    Name               dRVI      Co   Wgt Ctr
 ----------------------------------------------------------------- ---
  14.5   9.2   1.00  99.40    Georg             99.30    0.42  42  41
 ----------------------------------------------------------------- ---
  14.5   9.2   1.00   4.58    Pfingstochse       3.49    0.39  39  39
  14.5   9.3   1.00   1.51    snowthom           0.39    0.19  19  19
 ----------------------------------------------------------------- ---
               RMSE E(RMSI)   RV(HC)  E(RVI)  Const N_Pr N_Obs
  14.4   9.24  0.75    0.76       0       3    0.01   3  574

  
  TTm  FpI=  0
  
    MV    SD  r(Pd) dRV    Name               dRVI      Co   Wgt Ctr
 ----------------------------------------------------------------- ---
  29.2  22.9   1.00  99.40    ambot_lang        99.33    0.01   1   1
 ----------------------------------------------------------------- ---
  29.4  22.9   1.00  10.37    snowthom           9.35    0.35  34  34
  29.2  22.7   1.00   2.16    Ms.Os              1.23    0.23  23  22
  29.3  22.7   1.00   1.42    meteoleipzig       0.36    0.17  17  16
  29.7  22.8   1.00   1.23    Schneegewitter     0.36    0.26  26  25
 ----------------------------------------------------------------- ---
               RMSE E(RMSI)   RV(HC)  E(RVI)  Const N_Pr N_Obs
  29.6  23.06  1.73    1.77       0       5   -0.06   5  574

  
  TTn  FpI=  0
  
    MV    SD  r(Pd) dRV    Name               dRVI      Co   Wgt Ctr
 ----------------------------------------------------------------- ---
  12.4   9.4   0.98  96.83    Georg             96.85    0.46  46  45
 ----------------------------------------------------------------- ---
  13.4   9.5   0.98   5.34    meteoleipzig       4.22    0.21  21  20
  12.4   9.3   0.98   2.86    Schneegewitter     1.86    0.33  33  32
 ----------------------------------------------------------------- ---
               RMSE E(RMSI)   RV(HC)  E(RVI)  Const N_Pr N_Obs
  12.6   9.46  1.60    1.63       0       3    0.05   3  574

  
  TTd  FpI=  0
  
    MV    SD  r(Pd) dRV    Name               dRVI      Co   Wgt Ctr
 ----------------------------------------------------------------- ---
   9.8   8.5   0.97  95.06    Georg             94.99    0.67  67  64
 ----------------------------------------------------------------- ---
  10.2   8.5   0.97   4.54    Michi23            3.43    0.33  33  32
 ----------------------------------------------------------------- ---
               RMSE E(RMSI)   RV(HC)  E(RVI)  Const N_Pr N_Obs
   9.9   8.72  1.90    1.92       0       2    0.01   2  574

  
  RR-  FpI=  0
  
    MV    SD  r(Pd) dRV    Name               dRVI      Co   Wgt Ctr
 ----------------------------------------------------------------- ---
  11.1   4.1   0.83  69.72    Nikosik           69.50    0.53  56  41
 ----------------------------------------------------------------- ---
  12.1   4.6   0.81   4.28    Martridini         3.16    0.23  28  20
  11.0   4.0   0.76   1.74    meteoleipzig       0.62    0.15  16  11
 ----------------------------------------------------------------- ---
               RMSE E(RMSI)   RV(HC)  E(RVI)  Const N_Pr N_Obs
  10.8   4.38  2.34    2.37       0       3    0.49   3  574

  
