  N--  FpI=  0
  
    MV    SD  r(Pd) dRV    Name               dRVI      Co   Wgt Ctr
 ----------------------------------------------------------------- ---
  11.3   4.6   0.84  69.89    Georg             69.33    0.55  55  44
 ----------------------------------------------------------------- ---
  11.4   4.9   0.66   8.07    Donnerstag         4.89    0.20  21  13
  11.0   4.5   0.75   6.76    Föhni              3.87    0.25  24  17
 ----------------------------------------------------------------- ---
               RMSE E(RMSI)   RV(HC)  E(RVI)  Const N_Pr N_Obs
  11.4   4.85  2.46    2.57       0       3    0.19   3  197

  
  rSd  FpI=  0
  
    MV    SD  r(Pd) dRV    Name               dRVI      Co   Wgt Ctr
 ----------------------------------------------------------------- ---
  10.9  10.8   0.90  81.36    snowthom          80.97    0.71  69  58
 ----------------------------------------------------------------- ---
  10.5  10.8   0.88   6.20    ambot_lang         2.95    0.32  31  25
 ----------------------------------------------------------------- ---
               RMSE E(RMSI)   RV(HC)  E(RVI)  Const N_Pr N_Obs
   9.9  11.96  5.00    5.14       0       2   -1.22   2  197

  
  dd-  FpI=  0
  
    MV    SD  r(Pd) dRV    Name               dRVI      Co   Wgt Ctr
 ----------------------------------------------------------------- ---
   9.8   9.8   0.95  89.68    Jade              89.53    0.54  57  52
 ----------------------------------------------------------------- ---
   9.5   9.5   0.94  20.34    fresh             17.57    0.42  43  40
 ----------------------------------------------------------------- ---
               RMSE E(RMSI)   RV(HC)  E(RVI)  Const N_Pr N_Obs
   9.2   9.55  2.73    2.81       0       2   -0.12   2  197

  
  ff-  FpI=  0
  
    MV    SD  r(Pd) dRV    Name               dRVI      Co   Wgt Ctr
 ----------------------------------------------------------------- ---
   8.6   3.5   0.90  81.36    Ms.Os             80.96    0.58  56  47
 ----------------------------------------------------------------- ---
   9.0   3.6   0.90   8.88    ambot_lang         5.74    0.45  44  36
 ----------------------------------------------------------------- ---
               RMSE E(RMSI)   RV(HC)  E(RVI)  Const N_Pr N_Obs
   9.1   3.92  1.62    1.66       0       2    0.08   2  197

  
  fx-  FpI=  0
  
    MV    SD  r(Pd) dRV    Name               dRVI      Co   Wgt Ctr
 ----------------------------------------------------------------- ---
   3.7   1.6   0.84  71.06    GHOSTofTEMPELHOF  70.42    0.55  51  43
 ----------------------------------------------------------------- ---
   4.0   1.9   0.82  15.29    fresh             12.33    0.35  38  31
   3.7   1.9   0.23   4.67    Donnerstag         1.41    0.10  11   3
 ----------------------------------------------------------------- ---
               RMSE E(RMSI)   RV(HC)  E(RVI)  Const N_Pr N_Obs
   3.8   1.71  0.83    0.86       0       3    0.07   3  197

  
  Wv-  FpI=  0
  
    MV    SD  r(Pd) dRV    Name               dRVI      Co   Wgt Ctr
 ----------------------------------------------------------------- ---
   5.9   4.1   0.76  57.46    DWD-MOS-MIX-test  56.51    0.41  43  33
 ----------------------------------------------------------------- ---
   5.7   4.0   0.64  12.25    Heiko              9.24    0.20  21  14
   6.5   4.3   0.46   5.02    Donnerstag         2.00    0.16  18   8
   6.4   4.3   0.63   3.61    ambot_lang         1.05    0.17  18  12
 ----------------------------------------------------------------- ---
               RMSE E(RMSI)   RV(HC)  E(RVI)  Const N_Pr N_Obs
   7.7   3.92  2.28    2.43       0       4    1.98   4  197

  
  Wn-  FpI=  0
  
    MV    SD  r(Pd) dRV    Name               dRVI      Co   Wgt Ctr
 ----------------------------------------------------------------- ---
   7.7   3.4   0.85  71.57    sferics           70.98    0.58  50  40
 ----------------------------------------------------------------- ---
   7.7   3.4   0.79  13.40    Sven/Titisee-Neu  10.39    0.34  30  22
   7.2   3.3   0.74   6.66    Frosch410          3.48    0.25  21  14
 ----------------------------------------------------------------- ---
               RMSE E(RMSI)   RV(HC)  E(RVI)  Const N_Pr N_Obs
   8.5   4.14  1.99    2.08       0       3   -0.42   3  197

  
  PPP  FpI=  0
  
    MV    SD  r(Pd) dRV    Name               dRVI      Co   Wgt Ctr
 ----------------------------------------------------------------- ---
  16.7   9.1   1.00  99.20    DWD-MOS-Mix       99.11    0.33  33  33
 ----------------------------------------------------------------- ---
  16.7   9.1   1.00  14.21    Schneegewitter    11.22    0.42  42  42
  16.7   9.0   0.99   6.66    Föhni              4.30    0.25  25  24
 ----------------------------------------------------------------- ---
               RMSE E(RMSI)   RV(HC)  E(RVI)  Const N_Pr N_Obs
  16.6   9.20  0.76    0.80       0       3   -0.27   3  197

  
  TTm  FpI=  0
  
    MV    SD  r(Pd) dRV    Name               dRVI      Co   Wgt Ctr
 ----------------------------------------------------------------- ---
  21.8  14.1   0.99  99.00    ambot_lang        98.88    0.37  37  37
 ----------------------------------------------------------------- ---
  21.8  14.4   0.99  13.03    snowthom          10.01    0.62  63  62
 ----------------------------------------------------------------- ---
               RMSE E(RMSI)   RV(HC)  E(RVI)  Const N_Pr N_Obs
  21.8  14.32  1.40    1.44       0       2    0.03   2  197

  
  TTn  FpI=  0
  
    MV    SD  r(Pd) dRV    Name               dRVI      Co   Wgt Ctr
 ----------------------------------------------------------------- ---
   9.7   9.6   0.98  97.02    Georg             96.93    0.51  50  49
 ----------------------------------------------------------------- ---
   9.7   9.7   0.98   9.92    Ms.Os              6.82    0.49  50  48
 ----------------------------------------------------------------- ---
               RMSE E(RMSI)   RV(HC)  E(RVI)  Const N_Pr N_Obs
   9.6   9.73  1.60    1.65       0       2   -0.05   2  197

  
  TTd  FpI=  0
  
    MV    SD  r(Pd) dRV    Name               dRVI      Co   Wgt Ctr
 ----------------------------------------------------------------- ---
   7.3   8.6   0.98  95.65    Michi23           95.55    0.55  55  53
 ----------------------------------------------------------------- ---
   7.1   8.7   0.98   8.58    Schneegewitter     5.43    0.45  45  43
 ----------------------------------------------------------------- ---
               RMSE E(RMSI)   RV(HC)  E(RVI)  Const N_Pr N_Obs
   6.8   8.82  1.76    1.81       0       2   -0.40   2  197

  
  RR-  FpI=  0
  
    MV    SD  r(Pd) dRV    Name               dRVI      Co   Wgt Ctr
 ----------------------------------------------------------------- ---
  10.2   3.8   0.87  75.52    Auftrieb          75.08    0.31  35  28
 ----------------------------------------------------------------- ---
  10.5   3.9   0.87  11.76    MSwr-MOS-Mix       8.69    0.30  35  28
  10.7   4.2   0.86   5.62    ambot_lang         2.36    0.24  30  24
 ----------------------------------------------------------------- ---
               RMSE E(RMSI)   RV(HC)  E(RVI)  Const N_Pr N_Obs
  10.1   3.69  1.66    1.74       0       3    1.14   3  197

  
