  N--  FpI=  0
  
    MV    SD  r(Pd) dRV    Name               dRVI      Co   Wgt Ctr
 ----------------------------------------------------------------- ---
-999.0   0.0   0.00   0.00    ambot_lang          NaN     NaN   0   0
 ----------------------------------------------------------------- ---
               RMSE E(RMSI)   RV(HC)  E(RVI)  Const N_Pr N_Obs
  13.7   0.47   NaN     NaN       1       0     NaN   1    3

  
  rSd  FpI=  0
  
    MV    SD  r(Pd) dRV    Name               dRVI      Co   Wgt Ctr
 ----------------------------------------------------------------- ---
-999.0   0.0   0.00   0.00    ambot_lang          NaN     NaN   0   0
 ----------------------------------------------------------------- ---
               RMSE E(RMSI)   RV(HC)  E(RVI)  Const N_Pr N_Obs
  15.3   6.93   NaN     NaN       1       0     NaN   1    3

  
  dd-  FpI=  0
  
    MV    SD  r(Pd) dRV    Name               dRVI      Co   Wgt Ctr
 ----------------------------------------------------------------- ---
-999.0   0.0   0.00   0.00    ambot_lang          NaN     NaN   0   0
 ----------------------------------------------------------------- ---
               RMSE E(RMSI)   RV(HC)  E(RVI)  Const N_Pr N_Obs
  -0.3   4.01   NaN     NaN       1       0     NaN   1    3

  
  ff-  FpI=  0
  
    MV    SD  r(Pd) dRV    Name               dRVI      Co   Wgt Ctr
 ----------------------------------------------------------------- ---
-999.0   0.0   0.00   0.00    ambot_lang          NaN     NaN   0   0
 ----------------------------------------------------------------- ---
               RMSE E(RMSI)   RV(HC)  E(RVI)  Const N_Pr N_Obs
   9.8   1.18   NaN     NaN       1       0     NaN   1    3

  
  fx-  FpI=  0
  
    MV    SD  r(Pd) dRV    Name               dRVI      Co   Wgt Ctr
 ----------------------------------------------------------------- ---
-999.0   0.0   0.00   0.00    ambot_lang          NaN     NaN   0   0
 ----------------------------------------------------------------- ---
               RMSE E(RMSI)   RV(HC)  E(RVI)  Const N_Pr N_Obs
   3.5   0.77   NaN     NaN       1       0     NaN   1    3

  
  Wv-  FpI=  0
  
    MV    SD  r(Pd) dRV    Name               dRVI      Co   Wgt Ctr
 ----------------------------------------------------------------- ---
-999.0   0.0   0.00   0.00    ambot_lang          NaN     NaN   0   0
 ----------------------------------------------------------------- ---
               RMSE E(RMSI)   RV(HC)  E(RVI)  Const N_Pr N_Obs
   8.0   4.24   NaN     NaN       1       0     NaN   1    3

  
  Wn-  FpI=  0
  
    MV    SD  r(Pd) dRV    Name               dRVI      Co   Wgt Ctr
 ----------------------------------------------------------------- ---
-999.0   0.0   0.00   0.00    ambot_lang          NaN     NaN   0   0
 ----------------------------------------------------------------- ---
               RMSE E(RMSI)   RV(HC)  E(RVI)  Const N_Pr N_Obs
   6.5   2.12   NaN     NaN       1       0     NaN   1    3

  
  PPP  FpI=  0
  
    MV    SD  r(Pd) dRV    Name               dRVI      Co   Wgt Ctr
 ----------------------------------------------------------------- ---
-999.0   0.0   0.00   0.00    ambot_lang          NaN     NaN   0   0
 ----------------------------------------------------------------- ---
               RMSE E(RMSI)   RV(HC)  E(RVI)  Const N_Pr N_Obs
  18.7   2.88   NaN     NaN       1       0     NaN   1    3

  
  TTm  FpI=  0
  
    MV    SD  r(Pd) dRV    Name               dRVI      Co   Wgt Ctr
 ----------------------------------------------------------------- ---
-999.0   0.0   0.00   0.00    ambot_lang          NaN     NaN   0   0
 ----------------------------------------------------------------- ---
               RMSE E(RMSI)   RV(HC)  E(RVI)  Const N_Pr N_Obs
  17.4   0.39   NaN     NaN       1       0     NaN   1    3

  
  TTn  FpI=  0
  
    MV    SD  r(Pd) dRV    Name               dRVI      Co   Wgt Ctr
 ----------------------------------------------------------------- ---
-999.0   0.0   0.00   0.00    ambot_lang          NaN     NaN   0   0
 ----------------------------------------------------------------- ---
               RMSE E(RMSI)   RV(HC)  E(RVI)  Const N_Pr N_Obs
   6.5   3.78   NaN     NaN       1       0     NaN   1    3

  
  TTd  FpI=  0
  
    MV    SD  r(Pd) dRV    Name               dRVI      Co   Wgt Ctr
 ----------------------------------------------------------------- ---
-999.0   0.0   0.00   0.00    ambot_lang          NaN     NaN   0   0
 ----------------------------------------------------------------- ---
               RMSE E(RMSI)   RV(HC)  E(RVI)  Const N_Pr N_Obs
   3.6   3.36   NaN     NaN       1       0     NaN   1    3

  
  RR-  FpI=  0
  
    MV    SD  r(Pd) dRV    Name               dRVI      Co   Wgt Ctr
 ----------------------------------------------------------------- ---
-999.0   0.0   0.00   0.00    ambot_lang          NaN    +Inf   0   0
 ----------------------------------------------------------------- ---
               RMSE E(RMSI)   RV(HC)  E(RVI)  Const N_Pr N_Obs
   8.3   1.87   NaN     NaN       1       0    +Inf   1    3

  
