  N--  FpI=  0
  
    MV    SD  r(Pd) dRV    Name               dRVI      Co   Wgt Ctr
 ----------------------------------------------------------------- ---
  11.0   4.6   0.84  71.40    Georg             71.13    0.31  35  26
 ----------------------------------------------------------------- ---
  11.1   4.0   0.82   4.84    Martridini         3.71    0.27  27  19
  10.9   4.3   0.84   2.92    Nikosik            1.99    0.35  38  28
 ----------------------------------------------------------------- ---
               RMSE E(RMSI)   RV(HC)  E(RVI)  Const N_Pr N_Obs
  11.0   4.58  2.35    2.39       0       3    0.78   3  567

  
  rSd  FpI=  0
  
    MV    SD  r(Pd) dRV    Name               dRVI      Co   Wgt Ctr
 ----------------------------------------------------------------- ---
  12.6  10.0   0.90  81.54    Georg             81.43    0.51  52  43
 ----------------------------------------------------------------- ---
  12.0   9.5   0.89   2.82    ambot_lang         1.66    0.24  23  19
  12.3   9.6   0.89   1.54    Michi23            0.39    0.25  25  20
 ----------------------------------------------------------------- ---
               RMSE E(RMSI)   RV(HC)  E(RVI)  Const N_Pr N_Obs
  11.9  10.65  4.47    4.54       0       3   -0.53   3  567

  
  dd-  FpI=  0
  
    MV    SD  r(Pd) dRV    Name               dRVI      Co   Wgt Ctr
 ----------------------------------------------------------------- ---
  10.7   8.9   0.94  88.92    Nikosik           88.82    0.51  55  50
 ----------------------------------------------------------------- ---
  10.4   8.7   0.94  14.98    Weatherdevil      13.99    0.43  45  41
 ----------------------------------------------------------------- ---
               RMSE E(RMSI)   RV(HC)  E(RVI)  Const N_Pr N_Obs
  10.3   8.64  2.65    2.68       0       2    0.32   2  567

  
  ff-  FpI=  0
  
    MV    SD  r(Pd) dRV    Name               dRVI      Co   Wgt Ctr
 ----------------------------------------------------------------- ---
   9.4   3.4   0.88  76.91    ambot_lang        76.73    0.40  35  28
 ----------------------------------------------------------------- ---
   9.4   3.4   0.87   4.97    Pfingstochse       3.85    0.28  25  20
   9.4   3.3   0.86   1.90    Mammatus95         0.76    0.22  19  15
   9.0   3.0   0.86   1.19    Weatherdevil       0.05    0.25  20  16
 ----------------------------------------------------------------- ---
               RMSE E(RMSI)   RV(HC)  E(RVI)  Const N_Pr N_Obs
   9.6   4.17  1.93    1.97       0       4   -1.02   4  567

  
  fx-  FpI=  0
  
    MV    SD  r(Pd) dRV    Name               dRVI      Co   Wgt Ctr
 ----------------------------------------------------------------- ---
   4.0   1.9   0.87  75.00    Nikosik           74.90    0.42  45  35
 ----------------------------------------------------------------- ---
   4.0   1.8   0.86  10.63    Heiko              9.58    0.34  35  27
   4.0   1.8   0.83   2.76    polarfuchs         1.65    0.20  21  16
 ----------------------------------------------------------------- ---
               RMSE E(RMSI)   RV(HC)  E(RVI)  Const N_Pr N_Obs
   4.1   1.94  0.90    0.92       0       3    0.25   3  567

  
  Wv-  FpI=  0
  
    MV    SD  r(Pd) dRV    Name               dRVI      Co   Wgt Ctr
 ----------------------------------------------------------------- ---
   6.3   4.2   0.78  60.84    humilis91         60.61    0.14  16  11
 ----------------------------------------------------------------- ---
   6.3   4.3   0.76   8.76    MSwr-GFS-MOS       7.67    0.21  24  17
   6.0   4.2   0.74   5.95    Nikosik            4.88    0.19  22  15
   6.9   4.4   0.73   3.72    Ms.Os              2.85    0.17  21  14
   6.5   4.1   0.73   2.19    polarfuchs         1.09    0.15  16  11
 ----------------------------------------------------------------- ---
               RMSE E(RMSI)   RV(HC)  E(RVI)  Const N_Pr N_Obs
   8.0   4.01  2.25    2.31       0       5    2.52   5  567

  
  Wn-  FpI=  0
  
    MV    SD  r(Pd) dRV    Name               dRVI      Co   Wgt Ctr
 ----------------------------------------------------------------- ---
   8.1   3.3   0.74  55.35    Grisuji-EZ-L1-MO  55.01    0.33  30  20
 ----------------------------------------------------------------- ---
   7.7   3.2   0.66   5.52    polarfuchs         4.43    0.25  23  13
   7.9   3.4   0.70   2.99    Bibertaler         2.08    0.21  20  12
   7.9   3.4   0.69   1.51    sferics            0.40    0.17  16   9
   7.8   3.4   0.57   1.25    Föhni              0.12    0.11  11   6
 ----------------------------------------------------------------- ---
               RMSE E(RMSI)   RV(HC)  E(RVI)  Const N_Pr N_Obs
   8.4   4.04  2.54    2.61       0       5   -0.04   5  567

  
  PPP  FpI=  0
  
    MV    SD  r(Pd) dRV    Name               dRVI      Co   Wgt Ctr
 ----------------------------------------------------------------- ---
  14.8   9.0   1.00  99.20    Dustin_Karlshors  99.20   -0.01  -1  -1
 ----------------------------------------------------------------- ---
  14.8   9.0   1.00   8.53    Georg              7.41    0.41  40  41
  14.8   9.0   1.00   2.66    Pfingstochse       1.78    0.41  40  41
  14.8   9.1   1.00   1.46    snowthom           0.34    0.19  19  19
 ----------------------------------------------------------------- ---
               RMSE E(RMSI)   RV(HC)  E(RVI)  Const N_Pr N_Obs
  14.8   9.07  0.76    0.77       0       4    0.01   4  567

  
  TTm  FpI=  0
  
    MV    SD  r(Pd) dRV    Name               dRVI      Co   Wgt Ctr
 ----------------------------------------------------------------- ---
  26.1  13.3   0.99  98.21    snowthom          98.14    0.36  36  35
 ----------------------------------------------------------------- ---
  25.9  12.9   0.99   4.93    Ms.Os              3.85    0.22  21  21
  25.9  12.8   0.99   2.69    meteoleipzig       1.59    0.19  19  18
  26.4  13.2   0.99   1.49    Schneegewitter     0.40    0.24  24  24
 ----------------------------------------------------------------- ---
               RMSE E(RMSI)   RV(HC)  E(RVI)  Const N_Pr N_Obs
  26.3  13.34  1.73    1.77       0       4   -0.09   4  567

  
  TTn  FpI=  0
  
    MV    SD  r(Pd) dRV    Name               dRVI      Co   Wgt Ctr
 ----------------------------------------------------------------- ---
  12.4   9.5   0.98  97.02    Georg             96.97    0.44  44  43
 ----------------------------------------------------------------- ---
  12.4   9.4   0.98   5.90    Schneegewitter     4.81    0.36  36  35
  13.4   9.6   0.98   3.03    meteoleipzig       1.89    0.19  20  19
 ----------------------------------------------------------------- ---
               RMSE E(RMSI)   RV(HC)  E(RVI)  Const N_Pr N_Obs
  12.7   9.54  1.58    1.60       0       3    0.15   3  567

  
  TTd  FpI=  0
  
    MV    SD  r(Pd) dRV    Name               dRVI      Co   Wgt Ctr
 ----------------------------------------------------------------- ---
   9.9   8.6   0.98  95.26    Georg             95.27    0.68  68  65
 ----------------------------------------------------------------- ---
  10.4   8.6   0.97   4.54    Michi23            3.41    0.32  32  31
 ----------------------------------------------------------------- ---
               RMSE E(RMSI)   RV(HC)  E(RVI)  Const N_Pr N_Obs
  10.1   8.72  1.85    1.86       0       2    0.13   2  567

  
  RR-  FpI=  0
  
    MV    SD  r(Pd) dRV    Name               dRVI      Co   Wgt Ctr
 ----------------------------------------------------------------- ---
  10.9   4.0   0.82  67.24    Nikosik           67.04    0.51  55  39
 ----------------------------------------------------------------- ---
  11.9   4.6   0.80   4.33    Martridini         3.22    0.24  29  20
  10.8   3.9   0.74   1.61    meteoleipzig       0.45    0.15  16  10
 ----------------------------------------------------------------- ---
               RMSE E(RMSI)   RV(HC)  E(RVI)  Const N_Pr N_Obs
  10.6   4.28  2.38    2.41       0       3    0.64   3  567

  
