  N--  FpI=  0
  
    MV    SD  r(Pd) dRV    Name               dRVI      Co   Wgt Ctr
 ----------------------------------------------------------------- ---
  11.0   4.5   0.84  71.40    Georg             71.15    0.22  24  18
 ----------------------------------------------------------------- ---
  10.9   4.1   0.84   5.86    Nikosik            4.62    0.37  37  28
  10.9   4.2   0.83   2.19    Jade               0.95    0.22  23  17
  10.7   3.4   0.79   1.59    meteoleipzig       0.36    0.19  16  11
 ----------------------------------------------------------------- ---
               RMSE E(RMSI)   RV(HC)  E(RVI)  Const N_Pr N_Obs
  11.0   4.65  2.37    2.42       0       4    0.02   4  514

  
  rSd  FpI=  0
  
    MV    SD  r(Pd) dRV    Name               dRVI      Co   Wgt Ctr
 ----------------------------------------------------------------- ---
  12.8   9.9   0.89  79.03    Georg             78.95    0.19  19  16
 ----------------------------------------------------------------- ---
  12.3   9.7   0.89   5.20    snowthom           3.96    0.32  31  25
  13.0   9.7   0.88   2.34    Heiko              1.11    0.24  24  19
  12.9   9.5   0.89   1.39    Schneegewitter     0.19    0.26  25  20
 ----------------------------------------------------------------- ---
               RMSE E(RMSI)   RV(HC)  E(RVI)  Const N_Pr N_Obs
  11.9  10.69  4.67    4.77       0       4   -0.92   4  514

  
  dd-  FpI=  0
  
    MV    SD  r(Pd) dRV    Name               dRVI      Co   Wgt Ctr
 ----------------------------------------------------------------- ---
  10.2   9.9   0.96  91.39    Nikosik           91.25    0.55  60  55
 ----------------------------------------------------------------- ---
  10.0   9.8   0.95  11.76    Mammatus95        10.60    0.37  40  37
 ----------------------------------------------------------------- ---
               RMSE E(RMSI)   RV(HC)  E(RVI)  Const N_Pr N_Obs
  10.0   9.39  2.60    2.63       0       2    0.72   2  514

  
  ff-  FpI=  0
  
    MV    SD  r(Pd) dRV    Name               dRVI      Co   Wgt Ctr
 ----------------------------------------------------------------- ---
   9.4   3.3   0.88  77.79    Nikosik           77.56    0.47  41  32
 ----------------------------------------------------------------- ---
   9.1   3.2   0.88   4.16    Frosch410          2.92    0.41  34  27
   9.8   3.7   0.87   2.22    Schneegewitter     0.94    0.25  25  20
 ----------------------------------------------------------------- ---
               RMSE E(RMSI)   RV(HC)  E(RVI)  Const N_Pr N_Obs
   9.7   4.20  1.92    1.95       0       3   -0.94   3  514

  
       0: Error= -14.9 Obs=  32.0 Pr=    16.0    16.0    16.0
  fx-  FpI=  0
  
    MV    SD  r(Pd) dRV    Name               dRVI      Co   Wgt Ctr
 ----------------------------------------------------------------- ---
   4.0   1.9   0.86  74.48    Nikosik           74.33    0.28  29  23
 ----------------------------------------------------------------- ---
   4.0   1.9   0.86   5.24    Heiko              4.03    0.44  46  35
   4.0   2.0   0.84   1.64    Georg              0.71    0.23  25  19
 ----------------------------------------------------------------- ---
               RMSE E(RMSI)   RV(HC)  E(RVI)  Const N_Pr N_Obs
   4.0   2.04  0.99    1.01       0       3    0.24   3  514

  
  Wv-  FpI=  0
  
    MV    SD  r(Pd) dRV    Name               dRVI      Co   Wgt Ctr
 ----------------------------------------------------------------- ---
   5.6   4.0   0.73  52.71    Nikosik           52.40    0.28  32  21
 ----------------------------------------------------------------- ---
   6.1   4.2   0.72  18.23    MSwr-GFS-MOS      17.20    0.24  29  19
   6.8   4.4   0.68   6.40    Ms.Os              5.20    0.18  23  14
   6.6   4.4   0.69   2.07    fresh              0.84    0.13  16  10
 ----------------------------------------------------------------- ---
               RMSE E(RMSI)   RV(HC)  E(RVI)  Const N_Pr N_Obs
   7.8   3.87  2.30    2.36       0       4    2.68   4  514

  
  Wn-  FpI=  0
  
    MV    SD  r(Pd) dRV    Name               dRVI      Co   Wgt Ctr
 ----------------------------------------------------------------- ---
   8.1   3.3   0.77  58.52    Grisuji-EZ-L1-MO  58.23    0.54  49  33
 ----------------------------------------------------------------- ---
   7.7   3.3   0.67  10.76    meteoleipzig       9.60    0.30  28  16
   7.7   3.4   0.73   2.89    Sven/Titisee-Neu   1.71    0.24  23  15
 ----------------------------------------------------------------- ---
               RMSE E(RMSI)   RV(HC)  E(RVI)  Const N_Pr N_Obs
   8.3   4.07  2.44    2.48       0       3   -0.24   3  514

  
  PPP  FpI=  0
  
    MV    SD  r(Pd) dRV    Name               dRVI      Co   Wgt Ctr
 ----------------------------------------------------------------- ---
  15.6   8.8   1.00  99.20    Dustin_Karlshors  99.12   -0.08  -7  -8
 ----------------------------------------------------------------- ---
  15.6   8.9   1.00  10.11    Pfingstochse       9.01    0.57  49  56
  15.7   8.8   0.99   1.35    Grisuji-EZ-L1-MO   0.17    0.27  23  26
  15.6   9.0   1.00   1.82    snowthom           1.08    0.25  21  25
 ----------------------------------------------------------------- ---
               RMSE E(RMSI)   RV(HC)  E(RVI)  Const N_Pr N_Obs
  15.6   8.96  0.78    0.80       0       4   -0.06   4  514

  
  TTm  FpI=  0
  
    MV    SD  r(Pd) dRV    Name               dRVI      Co   Wgt Ctr
 ----------------------------------------------------------------- ---
  26.1  14.1   0.99  98.60    snowthom          98.51    0.45  45  44
 ----------------------------------------------------------------- ---
  26.4  14.2   0.99   5.20    Schneegewitter     4.03    0.32  32  32
  26.0  13.9   0.99   2.19    Ms.Os              0.94    0.23  23  23
 ----------------------------------------------------------------- ---
               RMSE E(RMSI)   RV(HC)  E(RVI)  Const N_Pr N_Obs
  26.1  14.20  1.66    1.69       0       3   -0.07   3  514

  
  TTn  FpI=  0
  
    MV    SD  r(Pd) dRV    Name               dRVI      Co   Wgt Ctr
 ----------------------------------------------------------------- ---
  12.4   9.9   0.99  97.42    ambot_lang        97.34    0.35  35  35
 ----------------------------------------------------------------- ---
  11.9  10.0   0.99   9.55    Georg              8.40    0.39  39  38
  12.1  10.1   0.99   1.82    Schneegewitter     0.57    0.25  26  25
 ----------------------------------------------------------------- ---
               RMSE E(RMSI)   RV(HC)  E(RVI)  Const N_Pr N_Obs
  12.2  10.05  1.54    1.56       0       3    0.15   3  514

  
  TTd  FpI=  0
  
    MV    SD  r(Pd) dRV    Name               dRVI      Co   Wgt Ctr
 ----------------------------------------------------------------- ---
   9.3   9.0   0.97  94.67    Bibertaler        94.53    0.33  33  31
 ----------------------------------------------------------------- ---
   9.7   9.0   0.96   8.01    meteoleipzig       6.80    0.24  24  23
   8.9   9.0   0.97   4.12    Georg              3.18    0.42  43  41
 ----------------------------------------------------------------- ---
               RMSE E(RMSI)   RV(HC)  E(RVI)  Const N_Pr N_Obs
   9.1   9.10  1.99    2.02       0       3   -0.06   3  514

  
  RR-  FpI=  0
  
    MV    SD  r(Pd) dRV    Name               dRVI      Co   Wgt Ctr
 ----------------------------------------------------------------- ---
  10.7   4.0   0.82  67.08    Nikosik           66.83    0.43  46  33
 ----------------------------------------------------------------- ---
  11.1   4.2   0.82   7.45    Jade               6.23    0.36  40  28
  10.8   3.9   0.75   1.28    meteoleipzig      -0.00    0.14  14   9
 ----------------------------------------------------------------- ---
               RMSE E(RMSI)   RV(HC)  E(RVI)  Const N_Pr N_Obs
  10.5   4.34  2.38    2.42      70      69    0.46   3  514

  
