  N--  FpI=  0
  
    MV    SD  r(Pd) dRV    Name               dRVI      Co   Wgt Ctr
 ----------------------------------------------------------------- ---
  11.2   4.5   0.80  64.64    Georg             63.91    0.53  53  39
 ----------------------------------------------------------------- ---
  10.9   4.4   0.73   6.25    Föhni              3.15    0.27  26  18
  11.2   4.7   0.64   6.10    Donnerstag         3.12    0.19  21  12
 ----------------------------------------------------------------- ---
               RMSE E(RMSI)   RV(HC)  E(RVI)  Const N_Pr N_Obs
  11.3   4.83  2.70    2.81       0       3    0.29   3  205

  
  rSd  FpI=  0
  
    MV    SD  r(Pd) dRV    Name               dRVI      Co   Wgt Ctr
 ----------------------------------------------------------------- ---
  12.8  10.6   0.78  60.37    Georg             59.62    0.87 100  60
 ----------------------------------------------------------------- ---
               RMSE E(RMSI)   RV(HC)  E(RVI)  Const N_Pr N_Obs
  10.7  11.85  7.46    7.53       0       1   -0.52   1  205

  
  dd-  FpI=  0
  
    MV    SD  r(Pd) dRV    Name               dRVI      Co   Wgt Ctr
 ----------------------------------------------------------------- ---
   8.1  10.3   0.94  89.11    Georg             88.83    0.51  56  51
 ----------------------------------------------------------------- ---
   7.9   9.9   0.94  17.56    fresh             14.83    0.43  44  40
 ----------------------------------------------------------------- ---
               RMSE E(RMSI)   RV(HC)  E(RVI)  Const N_Pr N_Obs
   7.8   9.83  2.95    3.03       0       2    0.30   2  205

  
  ff-  FpI=  0
  
    MV    SD  r(Pd) dRV    Name               dRVI      Co   Wgt Ctr
 ----------------------------------------------------------------- ---
   7.8   3.9   0.89  78.85    Ms.Os             78.43    0.62  63  50
 ----------------------------------------------------------------- ---
   8.1   4.0   0.88   3.84    ambot_lang         0.63    0.35  37  29
 ----------------------------------------------------------------- ---
               RMSE E(RMSI)   RV(HC)  E(RVI)  Const N_Pr N_Obs
   8.5   4.21  1.90    1.95       0       2    0.79   2  205

  
  fx-  FpI=  0
  
    MV    SD  r(Pd) dRV    Name               dRVI      Co   Wgt Ctr
 ----------------------------------------------------------------- ---
   3.6   1.5   0.48  22.56    GHOSTofTEMPELHOF  21.04    0.83 100  23
 ----------------------------------------------------------------- ---
               RMSE E(RMSI)   RV(HC)  E(RVI)  Const N_Pr N_Obs
   4.1   2.60  2.29    2.31       0       1    1.07   1  205

  
  Wv-  FpI=  0
  
    MV    SD  r(Pd) dRV    Name               dRVI      Co   Wgt Ctr
 ----------------------------------------------------------------- ---
   6.0   4.1   0.73  53.14    DWD-MOS-MIX-test  52.20    0.55  68  41
 ----------------------------------------------------------------- ---
   5.8   4.1   0.63   8.64    Heiko              5.59    0.26  32  17
 ----------------------------------------------------------------- ---
               RMSE E(RMSI)   RV(HC)  E(RVI)  Const N_Pr N_Obs
   8.0   4.07  2.66    2.73       0       2    3.21   2  205

  
  Wn-  FpI=  0
  
    MV    SD  r(Pd) dRV    Name               dRVI      Co   Wgt Ctr
 ----------------------------------------------------------------- ---
   7.4   3.3   0.77  59.91    sferics           59.16    0.52  49  33
 ----------------------------------------------------------------- ---
   7.3   3.3   0.73   7.78    Sven/Titisee-Neu   4.73    0.32  30  19
   6.9   3.1   0.68   4.08    Frosch410          0.92    0.25  22  13
 ----------------------------------------------------------------- ---
               RMSE E(RMSI)   RV(HC)  E(RVI)  Const N_Pr N_Obs
   8.4   4.05  2.41    2.52       0       3    0.49   3  205

  
  PPP  FpI=  0
  
    MV    SD  r(Pd) dRV    Name               dRVI      Co   Wgt Ctr
 ----------------------------------------------------------------- ---
  16.4   9.0   0.97  94.87    GHOSTofTEMPELHOF  94.79    1.07  93  90
 ----------------------------------------------------------------- ---
  16.0   7.2   0.72   5.11    Donnerstag         1.96    0.10   7   5
 ----------------------------------------------------------------- ---
               RMSE E(RMSI)   RV(HC)  E(RVI)  Const N_Pr N_Obs
  15.6  10.36  2.28    2.34       0       2   -3.52   2  205

  
  TTm  FpI=  0
  
    MV    SD  r(Pd) dRV    Name               dRVI      Co   Wgt Ctr
 ----------------------------------------------------------------- ---
  26.2  22.1   0.93  85.93    snowthom          85.59    0.69 100  86
 ----------------------------------------------------------------- ---
               RMSE E(RMSI)   RV(HC)  E(RVI)  Const N_Pr N_Obs
  24.6  16.42  6.17    6.23       0       1    6.60   1  205

  
  TTn  FpI=  0
  
    MV    SD  r(Pd) dRV    Name               dRVI      Co   Wgt Ctr
 ----------------------------------------------------------------- ---
   8.6  10.1   0.90  80.82    Ms.Os             80.40    0.86 100  81
 ----------------------------------------------------------------- ---
               RMSE E(RMSI)   RV(HC)  E(RVI)  Const N_Pr N_Obs
   9.5   9.60  4.21    4.25       0       1    2.07   1  205

  
  TTd  FpI=  0
  
    MV    SD  r(Pd) dRV    Name               dRVI      Co   Wgt Ctr
 ----------------------------------------------------------------- ---
   6.5   8.6   0.87  75.00    Schneegewitter    74.52    0.88 100  75
 ----------------------------------------------------------------- ---
               RMSE E(RMSI)   RV(HC)  E(RVI)  Const N_Pr N_Obs
   7.2   8.76  4.38    4.42       0       1    1.53   1  205

  
  RR-  FpI=  0
  
    MV    SD  r(Pd) dRV    Name               dRVI      Co   Wgt Ctr
 ----------------------------------------------------------------- ---
   9.9   3.6   0.73  54.02    Nikosik           53.08    0.74 100  54
 ----------------------------------------------------------------- ---
               RMSE E(RMSI)   RV(HC)  E(RVI)  Const N_Pr N_Obs
  10.3   3.65  2.48    2.50       0       1    3.00   1  205

  
