  N--  FpI=  0
  
    MV    SD  r(Pd) dRV    Name               dRVI      Co   Wgt Ctr
 ----------------------------------------------------------------- ---
  10.2   4.6   0.81  65.29    Ms.Os             64.96    0.45  49  33
 ----------------------------------------------------------------- ---
  10.0   4.5   0.81   6.71    ambot_lang         5.92    0.27  29  20
   9.9   4.6   0.79   0.90    Auftrieb           0.32    0.21  22  15
 ----------------------------------------------------------------- ---
               RMSE E(RMSI)   RV(HC)  E(RVI)  Const N_Pr N_Obs
  10.6   5.01  2.84    2.87       0       3    1.29   3  514

  
  rSd  FpI=  0
  
    MV    SD  r(Pd) dRV    Name               dRVI      Co   Wgt Ctr
 ----------------------------------------------------------------- ---
  13.5   8.9   0.87  75.17    ambot_lang        75.06    0.52  53  41
 ----------------------------------------------------------------- ---
  13.5   8.5   0.87   6.97    Mammatus95         6.20    0.49  47  36
 ----------------------------------------------------------------- ---
               RMSE E(RMSI)   RV(HC)  E(RVI)  Const N_Pr N_Obs
  12.7   9.81  4.71    4.74       0       2   -0.87   2  514

  
  dd-  FpI=  0
  
    MV    SD  r(Pd) dRV    Name               dRVI      Co   Wgt Ctr
 ----------------------------------------------------------------- ---
   3.7  14.8   0.85  71.40    DWD-ICON-MOS      71.23    0.17  30  25
 ----------------------------------------------------------------- ---
   3.1  13.3   0.78  14.06    Ms.Os             13.37    0.12  19  14
   3.5  14.5   0.82   8.41    DWD-EZ-MOS         7.85    0.11  19  15
   3.6  11.5   0.72   4.20    Auftrieb           3.66    0.11  16  11
   4.4  13.8   0.82   2.07    DWD-MOS-MIX-test   1.68    0.10  17  14
 ----------------------------------------------------------------- ---
               RMSE E(RMSI)   RV(HC)  E(RVI)  Const N_Pr N_Obs
   4.4   8.43  3.86    3.93       0       5    2.20   5  514

  
  ff-  FpI=  0
  
    MV    SD  r(Pd) dRV    Name               dRVI      Co   Wgt Ctr
 ----------------------------------------------------------------- ---
   5.5   2.2   0.59  35.16    adri_der_pinner   34.63    0.57  66  25
 ----------------------------------------------------------------- ---
   5.6   1.8   0.55   2.66    DWD-ICON-MOS       1.86    0.37  34  12
 ----------------------------------------------------------------- ---
               RMSE E(RMSI)   RV(HC)  E(RVI)  Const N_Pr N_Obs
   5.1   3.03  2.41    2.43       0       2   -0.09   2  514

  
  fx-  FpI=  0
  
    MV    SD  r(Pd) dRV    Name               dRVI      Co   Wgt Ctr
 ----------------------------------------------------------------- ---
   4.0   1.8   0.71  49.98    ambot_lang        49.58    0.32  31  18
 ----------------------------------------------------------------- ---
   4.0   1.9   0.69   8.88    adri_der_pinner    8.15    0.30  31  17
   4.0   1.7   0.70   2.46    Grisuji-EZ-L1-MO   1.71    0.25  23  13
   3.7   1.7   0.64   1.06    DWD-ICON-MOS       0.38    0.17  15   8
 ----------------------------------------------------------------- ---
               RMSE E(RMSI)   RV(HC)  E(RVI)  Const N_Pr N_Obs
   4.4   2.33  1.55    1.57       0       4    0.25   4  514

  
  Wv-  FpI=  0
  
    MV    SD  r(Pd) dRV    Name               dRVI      Co   Wgt Ctr
 ----------------------------------------------------------------- ---
   5.5   3.9   0.71  49.70    DWD-MOS-MIX-test  49.31    0.21  24  14
 ----------------------------------------------------------------- ---
   7.1   4.5   0.63   7.73    Ms.Os              6.99    0.21  27  14
   5.5   3.9   0.68   2.56    Mammatus95         2.16    0.21  24  13
   5.8   4.0   0.70   1.56    adri_der_pinner    0.95    0.21  25  14
 ----------------------------------------------------------------- ---
               RMSE E(RMSI)   RV(HC)  E(RVI)  Const N_Pr N_Obs
   7.9   4.20  2.80    2.84       0       4    2.78   4  514

  
  Wn-  FpI=  0
  
    MV    SD  r(Pd) dRV    Name               dRVI      Co   Wgt Ctr
 ----------------------------------------------------------------- ---
   8.2   3.2   0.62  38.81    Grisuji-EZ-L1-MO  38.39    0.38  42  18
 ----------------------------------------------------------------- ---
   7.5   3.4   0.59   4.58    DWD-EZ-MOS         3.80    0.28  31  13
   8.2   3.3   0.61   1.28    ambot_lang         0.50    0.24  26  11
 ----------------------------------------------------------------- ---
               RMSE E(RMSI)   RV(HC)  E(RVI)  Const N_Pr N_Obs
   8.0   4.25  3.22    3.26       0       3    0.82   3  514

  
  PPP  FpI=  0
  
    MV    SD  r(Pd) dRV    Name               dRVI      Co   Wgt Ctr
 ----------------------------------------------------------------- ---
  15.0   7.6   0.98  96.83    DWD-MOS-MIX-test  96.71    0.67  66  64
 ----------------------------------------------------------------- ---
  14.9   7.5   0.98   2.59    ambot_lang         1.78    0.21  20  20
  14.8   7.3   0.98   1.08    Ms.Os              0.35    0.14  13  13
 ----------------------------------------------------------------- ---
               RMSE E(RMSI)   RV(HC)  E(RVI)  Const N_Pr N_Obs
  14.9   7.83  1.39    1.40       0       3   -0.32   3  514

  
  TTm  FpI=  0
  
    MV    SD  r(Pd) dRV    Name               dRVI      Co   Wgt Ctr
 ----------------------------------------------------------------- ---
  27.1  14.0   0.99  97.02    adri_der_pinner   97.01    0.37  37  36
 ----------------------------------------------------------------- ---
  26.8  13.7   0.98   7.73    ambot_lang         6.99    0.35  34  33
  26.9  13.7   0.98   1.74    DWD-EZ-MOS         0.96    0.30  29  28
 ----------------------------------------------------------------- ---
               RMSE E(RMSI)   RV(HC)  E(RVI)  Const N_Pr N_Obs
  27.1  14.17  2.33    2.35       0       3   -0.16   3  514

  
  TTn  FpI=  0
  
    MV    SD  r(Pd) dRV    Name               dRVI      Co   Wgt Ctr
 ----------------------------------------------------------------- ---
  10.9  10.9   0.99  97.22    adri_der_pinner   97.17    0.60  60  58
 ----------------------------------------------------------------- ---
  10.4  10.9   0.98   6.20    DWD-MOS-MIX-test   5.45    0.41  40  39
 ----------------------------------------------------------------- ---
               RMSE E(RMSI)   RV(HC)  E(RVI)  Const N_Pr N_Obs
  10.9  11.09  1.80    1.81       0       2    0.13   2  514

  
  TTd  FpI=  0
  
    MV    SD  r(Pd) dRV    Name               dRVI      Co   Wgt Ctr
 ----------------------------------------------------------------- ---
   8.9   9.6   0.97  94.28    adri_der_pinner   94.33    0.57  56  53
 ----------------------------------------------------------------- ---
   9.4  10.1   0.97   8.58    Ms.Os              7.84    0.43  44  42
 ----------------------------------------------------------------- ---
               RMSE E(RMSI)   RV(HC)  E(RVI)  Const N_Pr N_Obs
   8.6  10.00  2.27    2.28       0       2   -0.50   2  514

  
  RR-  FpI=  0
  
    MV    SD  r(Pd) dRV    Name               dRVI      Co   Wgt Ctr
 ----------------------------------------------------------------- ---
  14.0   6.3   0.83  69.06    adri_der_pinner   68.81    0.47  57  40
 ----------------------------------------------------------------- ---
  13.7   6.6   0.81   2.46    Ms.Os              1.67    0.17  21  15
  13.4   6.4   0.82   0.98    Auftrieb           0.21    0.18  22  15
 ----------------------------------------------------------------- ---
               RMSE E(RMSI)   RV(HC)  E(RVI)  Const N_Pr N_Obs
  13.0   6.13  3.35    3.39       0       3    1.77   3  514

  
