  N--  FpI=  0
  
    MV    SD  r(Pd) dRV    Name               dRVI      Co   Wgt Ctr
 ----------------------------------------------------------------- ---
   9.6   4.5   0.85  71.91    Wolkenteiler      71.79    0.31  29  22
 ----------------------------------------------------------------- ---
   9.9   4.8   0.85   9.67    Ms.Os              8.94    0.46  46  35
   9.4   4.9   0.84   0.98    Auftrieb           0.58    0.24  24  18
 ----------------------------------------------------------------- ---
               RMSE E(RMSI)   RV(HC)  E(RVI)  Const N_Pr N_Obs
  10.0   5.36  2.68    2.71       0       3    0.34   3  567

  
  rSd  FpI=  0
  
    MV    SD  r(Pd) dRV    Name               dRVI      Co   Wgt Ctr
 ----------------------------------------------------------------- ---
  14.3   8.7   0.87  75.00    Mammatus95        74.89    0.66  65  49
 ----------------------------------------------------------------- ---
  14.5   8.3   0.85   3.42    DWD-EZ-MOS         2.67    0.38  35  27
 ----------------------------------------------------------------- ---
               RMSE E(RMSI)   RV(HC)  E(RVI)  Const N_Pr N_Obs
  13.2  10.12  4.97    5.00       0       2   -1.77   2  567

  
  dd-  FpI=  0
  
    MV    SD  r(Pd) dRV    Name               dRVI      Co   Wgt Ctr
 ----------------------------------------------------------------- ---
   5.2  14.7   0.83  69.22    DWD-ICON-MOS      69.05    0.15  26  22
 ----------------------------------------------------------------- ---
   4.6  14.1   0.81  20.88    Ms.Os             20.25    0.16  26  21
   4.2  11.7   0.72   7.18    Auftrieb           6.57    0.11  14  10
   4.1  13.8   0.79   4.33    DWD-EZ-MOS         3.76    0.06  10   8
   5.3  13.7   0.82   2.04    DWD-MOS-MIX-test   1.58    0.10  16  13
   4.8  11.8   0.72   0.86    Mammatus95         0.32    0.05   7   5
 ----------------------------------------------------------------- ---
               RMSE E(RMSI)   RV(HC)  E(RVI)  Const N_Pr N_Obs
   5.5   8.60  3.93    4.01       0       6    2.47   6  567

  
  ff-  FpI=  0
  
    MV    SD  r(Pd) dRV    Name               dRVI      Co   Wgt Ctr
 ----------------------------------------------------------------- ---
   5.5   2.5   0.63  39.19    adri_der_pinner   38.70    0.38  45  19
 ----------------------------------------------------------------- ---
   5.7   2.2   0.61   3.57    DWD-ICON-MOS       2.84    0.32  33  14
   5.2   2.2   0.59   1.04    Ms.Os              0.30    0.22  22   9
 ----------------------------------------------------------------- ---
               RMSE E(RMSI)   RV(HC)  E(RVI)  Const N_Pr N_Obs
   5.2   3.13  2.38    2.41       0       3    0.09   3  567

  
  fx-  FpI=  0
  
    MV    SD  r(Pd) dRV    Name               dRVI      Co   Wgt Ctr
 ----------------------------------------------------------------- ---
   4.1   2.0   0.74  55.50    DWD-MOS-MIX-test  55.16    0.28  28  17
 ----------------------------------------------------------------- ---
   4.1   1.8   0.73   5.66    Grisuji-EZ-L1-MO   4.91    0.30  27  17
   3.8   1.8   0.70   2.59    DWD-ICON-MOS       1.93    0.28  25  14
   4.2   2.1   0.70   1.35    adri_der_pinner    0.74    0.19  19  11
 ----------------------------------------------------------------- ---
               RMSE E(RMSI)   RV(HC)  E(RVI)  Const N_Pr N_Obs
   4.5   2.44  1.55    1.57       0       4    0.23   4  567

  
  Wv-  FpI=  0
  
    MV    SD  r(Pd) dRV    Name               dRVI      Co   Wgt Ctr
 ----------------------------------------------------------------- ---
   5.3   3.8   0.74  55.20    DWD-MOS-MIX-test  54.91    0.16  17  11
 ----------------------------------------------------------------- ---
   5.4   3.9   0.74   7.51    Mammatus95         6.78    0.25  28  17
   6.7   4.4   0.65   5.15    Ms.Os              4.47    0.17  21  12
   5.5   4.0   0.70   1.04    DWD-ICON-MOS       0.40    0.13  15   9
   5.5   3.8   0.74   0.94    adri_der_pinner    0.41    0.18  20  12
 ----------------------------------------------------------------- ---
               RMSE E(RMSI)   RV(HC)  E(RVI)  Const N_Pr N_Obs
   7.7   4.12  2.55    2.60       0       5    2.61   5  567

  
  Wn-  FpI=  0
  
    MV    SD  r(Pd) dRV    Name               dRVI      Co   Wgt Ctr
 ----------------------------------------------------------------- ---
   7.8   3.2   0.68  45.97    Grisuji-EZ-L1-MO  45.59    0.45  46  23
 ----------------------------------------------------------------- ---
   7.3   3.3   0.66   6.55    DWD-EZ-MOS         5.83    0.28  30  15
   7.6   3.4   0.67   1.08    Auftrieb           0.37    0.22  24  12
 ----------------------------------------------------------------- ---
               RMSE E(RMSI)   RV(HC)  E(RVI)  Const N_Pr N_Obs
   7.8   4.17  2.95    2.98       0       3    0.54   3  567

  
  PPP  FpI=  0
  
    MV    SD  r(Pd) dRV    Name               dRVI      Co   Wgt Ctr
 ----------------------------------------------------------------- ---
  14.6   7.6   0.99  97.02    DWD-MOS-MIX-test  97.08    0.79  78  76
 ----------------------------------------------------------------- ---
  14.5   7.3   0.98   4.20    Ms.Os              3.47    0.23  22  21
 ----------------------------------------------------------------- ---
               RMSE E(RMSI)   RV(HC)  E(RVI)  Const N_Pr N_Obs
  14.5   7.69  1.28    1.29       0       2   -0.19   2  567

  
  TTm  FpI=  0
  
    MV    SD  r(Pd) dRV    Name               dRVI      Co   Wgt Ctr
 ----------------------------------------------------------------- ---
  27.6  13.1   0.98  97.02    adri_der_pinner   96.97    0.59  59  58
 ----------------------------------------------------------------- ---
  27.4  12.7   0.98   3.39    Wolkenteiler       2.63    0.42  41  39
 ----------------------------------------------------------------- ---
               RMSE E(RMSI)   RV(HC)  E(RVI)  Const N_Pr N_Obs
  27.6  13.20  2.25    2.27       0       2   -0.10   2  567

  
  TTn  FpI=  0
  
    MV    SD  r(Pd) dRV    Name               dRVI      Co   Wgt Ctr
 ----------------------------------------------------------------- ---
  10.9  10.0   0.98  96.63    adri_der_pinner   96.64    0.48  48  47
 ----------------------------------------------------------------- ---
  10.1   9.7   0.98   7.29    Ms.Os              6.56    0.22  21  20
  10.6   9.9   0.98   2.76    DWD-MOS-MIX-test   2.05    0.31  31  30
 ----------------------------------------------------------------- ---
               RMSE E(RMSI)   RV(HC)  E(RVI)  Const N_Pr N_Obs
  11.1  10.10  1.75    1.77       0       3    0.35   3  567

  
  TTd  FpI=  0
  
    MV    SD  r(Pd) dRV    Name               dRVI      Co   Wgt Ctr
 ----------------------------------------------------------------- ---
   9.6   9.0   0.97  94.48    adri_der_pinner   94.50    0.60  58  55
 ----------------------------------------------------------------- ---
  10.0   9.5   0.97   8.47    Ms.Os              7.76    0.41  42  40
 ----------------------------------------------------------------- ---
               RMSE E(RMSI)   RV(HC)  E(RVI)  Const N_Pr N_Obs
   9.4   9.54  2.13    2.15       0       2   -0.46   2  567

  
  RR-  FpI=  0
  
    MV    SD  r(Pd) dRV    Name               dRVI      Co   Wgt Ctr
 ----------------------------------------------------------------- ---
  13.5   5.9   0.85  71.40    Wolkenteiler      71.24    0.43  48  35
 ----------------------------------------------------------------- ---
  13.4   6.2   0.84   2.10    adri_der_pinner    1.33    0.28  33  24
  13.4   6.4   0.81   1.37    Ms.Os              0.63    0.15  19  13
 ----------------------------------------------------------------- ---
               RMSE E(RMSI)   RV(HC)  E(RVI)  Const N_Pr N_Obs
  12.5   5.98  3.14    3.18       0       3    1.02   3  567

  
