  N--  FpI=  0
  
    MV    SD  r(Pd) dRV    Name               dRVI      Co   Wgt Ctr
 ----------------------------------------------------------------- ---
   9.6   4.6   0.84  71.23    Wolkenteiler      71.06    0.53  51  38
 ----------------------------------------------------------------- ---
   9.9   4.8   0.84   9.55    Ms.Os              8.80    0.48  49  36
 ----------------------------------------------------------------- ---
               RMSE E(RMSI)   RV(HC)  E(RVI)  Const N_Pr N_Obs
  10.1   5.34  2.72    2.74       0       2    0.38   2  564

  
  rSd  FpI=  0
  
    MV    SD  r(Pd) dRV    Name               dRVI      Co   Wgt Ctr
 ----------------------------------------------------------------- ---
  14.3   8.8   0.87  75.17    Mammatus95        74.94    0.51  50  38
 ----------------------------------------------------------------- ---
  14.5   8.5   0.86   4.04    DWD-EZ-MOS         3.27    0.33  31  24
  13.9   9.0   0.85   0.88    Bibertaler         0.11    0.19  19  14
 ----------------------------------------------------------------- ---
               RMSE E(RMSI)   RV(HC)  E(RVI)  Const N_Pr N_Obs
  13.2  10.16  4.94    5.00       0       3   -1.56   3  564

  
  dd-  FpI=  0
  
    MV    SD  r(Pd) dRV    Name               dRVI      Co   Wgt Ctr
 ----------------------------------------------------------------- ---
   5.1  14.5   0.84  70.06    DWD-ICON-MOS      69.77    0.17  29  24
 ----------------------------------------------------------------- ---
   4.6  14.2   0.82  21.81    Ms.Os             21.15    0.17  27  22
   3.9  13.8   0.79   6.81    DWD-EZ-MOS         6.24    0.08  14  11
   4.4  11.8   0.73   3.61    Auftrieb           2.98    0.10  14  10
   5.1  13.7   0.82   2.19    DWD-MOS-MIX-test   1.66    0.10  16  13
 ----------------------------------------------------------------- ---
               RMSE E(RMSI)   RV(HC)  E(RVI)  Const N_Pr N_Obs
   5.4   8.68  3.93    4.01       0       5    2.53   5  564

  
  ff-  FpI=  0
  
    MV    SD  r(Pd) dRV    Name               dRVI      Co   Wgt Ctr
 ----------------------------------------------------------------- ---
   5.6   2.5   0.63  39.56    adri_der_pinner   39.11    0.38  44  19
 ----------------------------------------------------------------- ---
   5.8   2.3   0.61   4.16    DWD-ICON-MOS       3.38    0.35  36  15
   5.2   2.2   0.59   0.81    Ms.Os              0.04    0.19  20   8
 ----------------------------------------------------------------- ---
               RMSE E(RMSI)   RV(HC)  E(RVI)  Const N_Pr N_Obs
   5.2   3.18  2.41    2.44       0       3    0.01   3  564

  
  fx-  FpI=  0
  
    MV    SD  r(Pd) dRV    Name               dRVI      Co   Wgt Ctr
 ----------------------------------------------------------------- ---
   4.2   2.0   0.75  55.80    DWD-MOS-MIX-test  55.50    0.28  28  17
 ----------------------------------------------------------------- ---
   4.1   1.9   0.73   5.57    Grisuji-EZ-L1-MO   4.79    0.29  26  16
   3.9   1.8   0.71   3.03    DWD-ICON-MOS       2.34    0.30  27  16
   4.2   2.1   0.70   1.32    adri_der_pinner    0.69    0.19  19  11
 ----------------------------------------------------------------- ---
               RMSE E(RMSI)   RV(HC)  E(RVI)  Const N_Pr N_Obs
   4.5   2.46  1.55    1.58       0       4    0.22   4  564

  
  Wv-  FpI=  0
  
    MV    SD  r(Pd) dRV    Name               dRVI      Co   Wgt Ctr
 ----------------------------------------------------------------- ---
   5.3   3.7   0.73  53.58    DWD-MOS-MIX-test  53.22    0.14  15   9
 ----------------------------------------------------------------- ---
   5.4   3.9   0.73   8.94    Mammatus95         8.20    0.28  31  19
   6.7   4.4   0.65   5.20    Ms.Os              4.48    0.17  21  12
   5.5   3.8   0.73   0.96    adri_der_pinner    0.35    0.18  20  12
   5.5   3.9   0.69   0.85    DWD-ICON-MOS       0.22    0.12  14   8
 ----------------------------------------------------------------- ---
               RMSE E(RMSI)   RV(HC)  E(RVI)  Const N_Pr N_Obs
   7.6   4.10  2.57    2.62       0       5    2.61   5  564

  
  Wn-  FpI=  0
  
    MV    SD  r(Pd) dRV    Name               dRVI      Co   Wgt Ctr
 ----------------------------------------------------------------- ---
   7.8   3.2   0.67  45.16    Grisuji-EZ-L1-MO  44.72    0.37  38  19
 ----------------------------------------------------------------- ---
   7.4   3.3   0.65   5.81    DWD-EZ-MOS         5.06    0.32  34  17
   7.9   3.4   0.66   1.46    Mammatus95         0.74    0.25  28  14
 ----------------------------------------------------------------- ---
               RMSE E(RMSI)   RV(HC)  E(RVI)  Const N_Pr N_Obs
   7.9   4.19  2.99    3.02       0       3    0.61   3  564

  
  PPP  FpI=  0
  
    MV    SD  r(Pd) dRV    Name               dRVI      Co   Wgt Ctr
 ----------------------------------------------------------------- ---
  14.6   7.8   0.99  97.22    DWD-MOS-MIX-test  97.22    0.78  78  76
 ----------------------------------------------------------------- ---
  14.6   7.5   0.98   4.37    Ms.Os              3.59    0.23  22  21
 ----------------------------------------------------------------- ---
               RMSE E(RMSI)   RV(HC)  E(RVI)  Const N_Pr N_Obs
  14.6   7.96  1.29    1.30       0       2   -0.22   2  564

  
  TTm  FpI=  0
  
    MV    SD  r(Pd) dRV    Name               dRVI      Co   Wgt Ctr
 ----------------------------------------------------------------- ---
  28.1  12.9   0.98  96.83    adri_der_pinner   96.84    0.57  57  56
 ----------------------------------------------------------------- ---
  27.9  12.4   0.98   3.72    Wolkenteiler       2.96    0.44  43  41
 ----------------------------------------------------------------- ---
               RMSE E(RMSI)   RV(HC)  E(RVI)  Const N_Pr N_Obs
  28.1  13.03  2.27    2.28       0       2   -0.21   2  564

  
  TTn  FpI=  0
  
    MV    SD  r(Pd) dRV    Name               dRVI      Co   Wgt Ctr
 ----------------------------------------------------------------- ---
  11.2   9.9   0.98  96.63    adri_der_pinner   96.65    0.41  41  40
 ----------------------------------------------------------------- ---
  10.4   9.5   0.98   9.36    Ms.Os              8.61    0.25  24  23
  11.3   9.7   0.98   2.37    Bibertaler         1.66    0.18  18  17
  10.9   9.9   0.98   0.79    DWD-MOS-MIX-test   0.06    0.17  17  17
 ----------------------------------------------------------------- ---
               RMSE E(RMSI)   RV(HC)  E(RVI)  Const N_Pr N_Obs
  11.3  10.06  1.72    1.74       0       4    0.13   4  564

  
  TTd  FpI=  0
  
    MV    SD  r(Pd) dRV    Name               dRVI      Co   Wgt Ctr
 ----------------------------------------------------------------- ---
   9.9   9.0   0.97  94.28    adri_der_pinner   94.33    0.60  58  55
 ----------------------------------------------------------------- ---
  10.4   9.4   0.97   8.35    Ms.Os              7.62    0.41  42  39
 ----------------------------------------------------------------- ---
               RMSE E(RMSI)   RV(HC)  E(RVI)  Const N_Pr N_Obs
   9.7   9.46  2.15    2.17       0       2   -0.48   2  564

  
  RR-  FpI=  0
  
    MV    SD  r(Pd) dRV    Name               dRVI      Co   Wgt Ctr
 ----------------------------------------------------------------- ---
  13.6   5.9   0.85  71.57    Wolkenteiler      71.44    0.45  51  38
 ----------------------------------------------------------------- ---
  13.5   6.2   0.84   1.82    adri_der_pinner    1.03    0.25  30  22
  13.6   6.5   0.81   1.32    Ms.Os              0.56    0.15  19  13
 ----------------------------------------------------------------- ---
               RMSE E(RMSI)   RV(HC)  E(RVI)  Const N_Pr N_Obs
  12.6   6.05  3.17    3.21       0       3    0.95   3  564

  
