  N--  FpI=  0
  
    MV    SD  r(Pd) dRV    Name               dRVI      Co   Wgt Ctr
 ----------------------------------------------------------------- ---
  11.2   3.9   0.82  67.08    Mammatus95        66.83    0.40  38  27
 ----------------------------------------------------------------- ---
  11.3   3.8   0.82   8.53    Schneegewitter     7.76    0.34  32  23
  11.6   3.7   0.81   2.69    Snab_LE            1.95    0.33  30  21
 ----------------------------------------------------------------- ---
               RMSE E(RMSI)   RV(HC)  E(RVI)  Const N_Pr N_Obs
  11.2   4.73  2.56    2.59       0       3   -0.95   3  514

  
  rSd  FpI=  0
  
    MV    SD  r(Pd) dRV    Name               dRVI      Co   Wgt Ctr
 ----------------------------------------------------------------- ---
  12.9   9.1   0.86  74.13    Schneegewitter    73.95    0.43  42  31
 ----------------------------------------------------------------- ---
  12.3   8.7   0.86   4.62    DWD-MOS-MIX-test   3.85    0.34  32  24
  12.7   8.8   0.86   1.06    Snab_LE            0.31    0.29  27  20
 ----------------------------------------------------------------- ---
               RMSE E(RMSI)   RV(HC)  E(RVI)  Const N_Pr N_Obs
  11.9  10.68  5.28    5.34       0       3   -1.41   3  514

  
  dd-  FpI=  0
  
    MV    SD  r(Pd) dRV    Name               dRVI      Co   Wgt Ctr
 ----------------------------------------------------------------- ---
  10.1  10.2   0.95  89.87    Mammatus95        89.74    0.58  63  57
 ----------------------------------------------------------------- ---
  10.4  10.0   0.94   6.15    humilis91          5.40    0.34  37  33
 ----------------------------------------------------------------- ---
               RMSE E(RMSI)   RV(HC)  E(RVI)  Const N_Pr N_Obs
  10.1   9.73  3.01    3.03       0       2    0.70   2  514

  
  ff-  FpI=  0
  
    MV    SD  r(Pd) dRV    Name               dRVI      Co   Wgt Ctr
 ----------------------------------------------------------------- ---
   7.2   3.0   0.87  74.82    DWD-MOS-MIX-test  74.68    0.44  41  31
 ----------------------------------------------------------------- ---
   7.2   2.8   0.86   2.46    humilis91          1.67    0.41  36  27
   7.6   3.1   0.86   0.88    Snab_LE            0.10    0.25  24  18
 ----------------------------------------------------------------- ---
               RMSE E(RMSI)   RV(HC)  E(RVI)  Const N_Pr N_Obs
   7.7   3.67  1.81    1.83       0       3   -0.29   3  514

  
  fx-  FpI=  0
  
    MV    SD  r(Pd) dRV    Name               dRVI      Co   Wgt Ctr
 ----------------------------------------------------------------- ---
   3.8   1.7   0.79  62.41    Snab_LE           62.13    0.61  65  43
 ----------------------------------------------------------------- ---
   3.9   1.9   0.75   6.81    Schneegewitter     6.03    0.30  35  22
 ----------------------------------------------------------------- ---
               RMSE E(RMSI)   RV(HC)  E(RVI)  Const N_Pr N_Obs
   3.9   1.93  1.14    1.15       0       2    0.50   2  514

  
  Wv-  FpI=  0
  
    MV    SD  r(Pd) dRV    Name               dRVI      Co   Wgt Ctr
 ----------------------------------------------------------------- ---
   6.2   4.1   0.72  52.42    DWD-MOS-MIX-test  52.00    0.35  41  24
 ----------------------------------------------------------------- ---
   6.2   4.1   0.66  10.18    Snab_LE            9.44    0.29  33  18
   6.0   4.1   0.72   1.56    humilis91          1.02    0.22  26  15
 ----------------------------------------------------------------- ---
               RMSE E(RMSI)   RV(HC)  E(RVI)  Const N_Pr N_Obs
   8.1   4.28  2.77    2.80       0       3    2.83   3  514

  
  Wn-  FpI=  0
  
    MV    SD  r(Pd) dRV    Name               dRVI      Co   Wgt Ctr
 ----------------------------------------------------------------- ---
   7.5   3.3   0.77  59.91    Schneegewitter    59.52    0.53  47  32
 ----------------------------------------------------------------- ---
   7.9   3.3   0.75  13.76    Snab_LE           13.05    0.42  38  25
   7.3   3.2   0.71   1.77    humilis91          1.01    0.18  16  10
 ----------------------------------------------------------------- ---
               RMSE E(RMSI)   RV(HC)  E(RVI)  Const N_Pr N_Obs
   8.0   4.23  2.47    2.50       0       3   -0.63   3  514

  
  PPP  FpI=  0
  
    MV    SD  r(Pd) dRV    Name               dRVI      Co   Wgt Ctr
 ----------------------------------------------------------------- ---
  15.9   8.5   0.99  98.60    DWD-MOS-Mix       98.61    0.32  32  31
 ----------------------------------------------------------------- ---
  15.9   8.5   0.99   8.53    Snab_LE            7.74    0.43  42  42
  15.9   8.6   0.99   1.69    Schneegewitter     0.91    0.26  26  26
 ----------------------------------------------------------------- ---
               RMSE E(RMSI)   RV(HC)  E(RVI)  Const N_Pr N_Obs
  15.8   8.67  0.97    0.98       0       3   -0.25   3  514

  
  TTm  FpI=  0
  
    MV    SD  r(Pd) dRV    Name               dRVI      Co   Wgt Ctr
 ----------------------------------------------------------------- ---
  25.9  13.9   0.99  98.21    DWD-MOS-Mix       98.20   -0.08  -7  -8
 ----------------------------------------------------------------- ---
  26.0  13.9   0.99   5.06    Snab_LE            4.29    0.35  29  34
  25.9  13.9   0.99   1.49    DWD-MOS-MIX-test   1.78    0.75  64  73
 ----------------------------------------------------------------- ---
               RMSE E(RMSI)   RV(HC)  E(RVI)  Const N_Pr N_Obs
  26.1  14.16  1.82    1.84       0       3   -0.17   3  514

  
  TTn  FpI=  0
  
    MV    SD  r(Pd) dRV    Name               dRVI      Co   Wgt Ctr
 ----------------------------------------------------------------- ---
  12.0   9.9   0.99  97.42    Snab_LE           97.38    0.57  57  56
 ----------------------------------------------------------------- ---
  11.9   9.9   0.99   6.25    MSwr-EZ-MOS        5.46    0.43  43  42
 ----------------------------------------------------------------- ---
               RMSE E(RMSI)   RV(HC)  E(RVI)  Const N_Pr N_Obs
  11.8  10.05  1.57    1.58       0       2   -0.21   2  514

  
  TTd  FpI=  0
  
    MV    SD  r(Pd) dRV    Name               dRVI      Co   Wgt Ctr
 ----------------------------------------------------------------- ---
   9.5   8.5   0.97  95.06    humilis91         95.01    0.44  44  42
 ----------------------------------------------------------------- ---
   9.5   8.7   0.97   3.92    Snab_LE            3.13    0.31  32  30
   9.3   8.8   0.97   1.69    Schneegewitter     0.93    0.24  25  23
 ----------------------------------------------------------------- ---
               RMSE E(RMSI)   RV(HC)  E(RVI)  Const N_Pr N_Obs
   9.8   8.70  1.88    1.90       0       3    0.41   3  514

  
  RR-  FpI=  0
  
    MV    SD  r(Pd) dRV    Name               dRVI      Co   Wgt Ctr
 ----------------------------------------------------------------- ---
  11.4   4.5   0.79  62.57    Schneegewitter    62.29    0.43  54  35
 ----------------------------------------------------------------- ---
  11.5   4.4   0.79   4.67    DWD-MOS-MIX-test   3.87    0.38  46  30
 ----------------------------------------------------------------- ---
               RMSE E(RMSI)   RV(HC)  E(RVI)  Const N_Pr N_Obs
  10.8   4.43  2.64    2.66       0       2    1.50   2  514

  
