  N--  FpI=  0
  
    MV    SD  r(Pd) dRV    Name               dRVI      Co   Wgt Ctr
 ----------------------------------------------------------------- ---
  11.2   3.9   0.83  69.06    Schneegewitter    68.82    0.46  43  31
 ----------------------------------------------------------------- ---
  11.2   4.0   0.82   7.67    Mammatus95         7.00    0.31  29  21
  11.4   3.9   0.82   2.37    Snab_LE            1.68    0.31  28  20
 ----------------------------------------------------------------- ---
               RMSE E(RMSI)   RV(HC)  E(RVI)  Const N_Pr N_Obs
  11.1   4.86  2.57    2.59       0       3   -1.05   3  567

  
  rSd  FpI=  0
  
    MV    SD  r(Pd) dRV    Name               dRVI      Co   Wgt Ctr
 ----------------------------------------------------------------- ---
  12.8   8.8   0.88  76.74    Snab_LE           76.62    0.55  51  40
 ----------------------------------------------------------------- ---
  12.9   9.1   0.87   3.88    Schneegewitter     3.18    0.30  28  22
  12.2   8.8   0.87   0.72    DWD-MOS-MIX-test   0.04    0.23  21  16
 ----------------------------------------------------------------- ---
               RMSE E(RMSI)   RV(HC)  E(RVI)  Const N_Pr N_Obs
  11.8  10.75  5.06    5.12       0       3   -1.85   3  567

  
  dd-  FpI=  0
  
    MV    SD  r(Pd) dRV    Name               dRVI      Co   Wgt Ctr
 ----------------------------------------------------------------- ---
   9.6   9.7   0.92  85.38    Mammatus95        85.29    0.54  60  52
 ----------------------------------------------------------------- ---
   9.8   9.6   0.92   4.24    humilis91          3.52    0.36  40  34
 ----------------------------------------------------------------- ---
               RMSE E(RMSI)   RV(HC)  E(RVI)  Const N_Pr N_Obs
  10.0   9.26  3.46    3.49       0       2    1.29   2  567

  
  ff-  FpI=  0
  
    MV    SD  r(Pd) dRV    Name               dRVI      Co   Wgt Ctr
 ----------------------------------------------------------------- ---
   7.4   2.9   0.88  77.62    humilis91         77.39    0.38  32  26
 ----------------------------------------------------------------- ---
   7.5   3.0   0.88   2.46    DWD-MOS-MIX-test   1.75    0.31  28  22
   7.6   3.1   0.87   1.25    Snab_LE            0.55    0.25  23  18
   8.0   3.4   0.86   0.92    Schneegewitter     0.26    0.16  16  13
 ----------------------------------------------------------------- ---
               RMSE E(RMSI)   RV(HC)  E(RVI)  Const N_Pr N_Obs
   7.8   3.75  1.74    1.76       0       4   -0.53   4  567

  
  fx-  FpI=  0
  
    MV    SD  r(Pd) dRV    Name               dRVI      Co   Wgt Ctr
 ----------------------------------------------------------------- ---
   3.7   1.6   0.82  66.59    Wolkenteiler      66.27    0.41  41  29
 ----------------------------------------------------------------- ---
   3.9   1.8   0.81   6.30    Snab_LE            5.61    0.38  42  29
   3.9   1.9   0.77   1.14    Schneegewitter     0.53    0.15  17  11
 ----------------------------------------------------------------- ---
               RMSE E(RMSI)   RV(HC)  E(RVI)  Const N_Pr N_Obs
   3.9   1.87  1.04    1.05       0       3    0.34   3  567

  
  Wv-  FpI=  0
  
    MV    SD  r(Pd) dRV    Name               dRVI      Co   Wgt Ctr
 ----------------------------------------------------------------- ---
   6.5   4.2   0.74  55.20    DWD-MOS-MIX-test  54.94    0.36  41  26
 ----------------------------------------------------------------- ---
   6.2   4.1   0.72  14.06    Snab_LE           13.44    0.35  40  24
   6.2   4.2   0.73   1.19    humilis91          0.59    0.17  19  12
 ----------------------------------------------------------------- ---
               RMSE E(RMSI)   RV(HC)  E(RVI)  Const N_Pr N_Obs
   8.3   4.34  2.67    2.70       0       3    2.72   3  567

  
  Wn-  FpI=  0
  
    MV    SD  r(Pd) dRV    Name               dRVI      Co   Wgt Ctr
 ----------------------------------------------------------------- ---
   7.6   3.3   0.80  64.48    Schneegewitter    64.17    0.64  57  40
 ----------------------------------------------------------------- ---
   8.0   3.3   0.78  14.67    Snab_LE           14.00    0.49  43  30
 ----------------------------------------------------------------- ---
               RMSE E(RMSI)   RV(HC)  E(RVI)  Const N_Pr N_Obs
   8.1   4.26  2.35    2.37       0       2   -0.68   2  567

  
  PPP  FpI=  0
  
    MV    SD  r(Pd) dRV    Name               dRVI      Co   Wgt Ctr
 ----------------------------------------------------------------- ---
  15.1   8.7   0.99  98.80    DWD-MOS-MIX-test  98.73    0.03   3   3
 ----------------------------------------------------------------- ---
  15.1   8.7   0.99  10.89    Wolkenteiler      10.21    0.82  81  80
  15.1   8.7   0.99   1.04    Snab_LE            0.35    0.17  16  16
 ----------------------------------------------------------------- ---
               RMSE E(RMSI)   RV(HC)  E(RVI)  Const N_Pr N_Obs
  15.0   8.82  0.93    0.94       0       3   -0.28   3  567

  
  TTm  FpI=  0
  
    MV    SD  r(Pd) dRV    Name               dRVI      Co   Wgt Ctr
 ----------------------------------------------------------------- ---
  26.1  13.1   0.99  98.01    DWD-MOS-MIX-test  98.04    0.31  30  30
 ----------------------------------------------------------------- ---
  26.2  13.1   0.99   4.71    Snab_LE            3.97    0.31  30  30
  26.3  13.0   0.99   1.23    Wolkenteiler       0.59    0.40  39  38
 ----------------------------------------------------------------- ---
               RMSE E(RMSI)   RV(HC)  E(RVI)  Const N_Pr N_Obs
  26.4  13.35  1.81    1.83       0       3   -0.21   3  567

  
  TTn  FpI=  0
  
    MV    SD  r(Pd) dRV    Name               dRVI      Co   Wgt Ctr
 ----------------------------------------------------------------- ---
  12.5   9.4   0.99  97.42    Snab_LE           97.49    0.63  63  62
 ----------------------------------------------------------------- ---
  12.3   9.3   0.99   5.43    MSwr-EZ-MOS        4.73    0.37  37  36
 ----------------------------------------------------------------- ---
               RMSE E(RMSI)   RV(HC)  E(RVI)  Const N_Pr N_Obs
  12.3   9.56  1.47    1.48       0       2   -0.25   2  567

  
  TTd  FpI=  0
  
    MV    SD  r(Pd) dRV    Name               dRVI      Co   Wgt Ctr
 ----------------------------------------------------------------- ---
  10.4   8.2   0.97  94.48    Snab_LE           94.38    0.47  48  45
 ----------------------------------------------------------------- ---
  10.3   8.2   0.97   5.15    DWD-MOS-MIX-test   4.45    0.24  24  23
  10.3   8.0   0.97   1.00    humilis91          0.36    0.28  28  26
 ----------------------------------------------------------------- ---
               RMSE E(RMSI)   RV(HC)  E(RVI)  Const N_Pr N_Obs
  10.4   8.25  1.89    1.91       0       3    0.21   3  567

  
  RR-  FpI=  0
  
    MV    SD  r(Pd) dRV    Name               dRVI      Co   Wgt Ctr
 ----------------------------------------------------------------- ---
  11.7   4.3   0.80  64.80    DWD-MOS-MIX-test  64.51    0.41  49  33
 ----------------------------------------------------------------- ---
  11.4   4.4   0.80   5.06    Schneegewitter     4.36    0.22  27  18
  11.3   4.2   0.79   1.23    Snab_LE            0.62    0.21  24  16
 ----------------------------------------------------------------- ---
               RMSE E(RMSI)   RV(HC)  E(RVI)  Const N_Pr N_Obs
  10.8   4.27  2.45    2.48       0       3    1.22   3  567

  
