  N--  FpI=  0
  
    MV    SD  r(Pd) dRV    Name               dRVI      Co   Wgt Ctr
 ----------------------------------------------------------------- ---
  11.3   3.9   0.83  68.06    Schneegewitter    67.88    0.47  44  32
 ----------------------------------------------------------------- ---
  11.4   3.8   0.82   7.78    Snab_LE            7.08    0.34  32  23
  11.2   3.9   0.81   1.85    Mammatus95         1.15    0.24  24  17
 ----------------------------------------------------------------- ---
               RMSE E(RMSI)   RV(HC)  E(RVI)  Const N_Pr N_Obs
  11.2   4.68  2.51    2.54       0       3   -0.69   3  564

  
  rSd  FpI=  0
  
    MV    SD  r(Pd) dRV    Name               dRVI      Co   Wgt Ctr
 ----------------------------------------------------------------- ---
  12.8   8.8   0.87  75.86    Snab_LE           75.78    0.49  46  36
 ----------------------------------------------------------------- ---
  12.3   8.7   0.87   3.53    DWD-MOS-MIX-test   2.78    0.30  28  22
  13.0   9.0   0.86   1.19    Schneegewitter     0.45    0.27  26  20
 ----------------------------------------------------------------- ---
               RMSE E(RMSI)   RV(HC)  E(RVI)  Const N_Pr N_Obs
  11.8  10.56  5.06    5.11       0       3   -1.75   3  564

  
  dd-  FpI=  0
  
    MV    SD  r(Pd) dRV    Name               dRVI      Co   Wgt Ctr
 ----------------------------------------------------------------- ---
   9.7   9.7   0.93  86.12    Mammatus95        85.99    0.52  57  49
 ----------------------------------------------------------------- ---
   9.9   9.5   0.92   5.38    humilis91          4.62    0.39  43  37
 ----------------------------------------------------------------- ---
               RMSE E(RMSI)   RV(HC)  E(RVI)  Const N_Pr N_Obs
  10.0   9.32  3.38    3.41       0       2    1.08   2  564

  
  ff-  FpI=  0
  
    MV    SD  r(Pd) dRV    Name               dRVI      Co   Wgt Ctr
 ----------------------------------------------------------------- ---
   7.5   3.0   0.88  78.15    DWD-MOS-MIX-test  78.03    0.62  57  45
 ----------------------------------------------------------------- ---
   7.4   2.8   0.88   2.22    humilis91          1.44    0.50  43  34
 ----------------------------------------------------------------- ---
               RMSE E(RMSI)   RV(HC)  E(RVI)  Const N_Pr N_Obs
   7.9   3.73  1.72    1.74       0       2   -0.49   2  564

  
  fx-  FpI=  0
  
    MV    SD  r(Pd) dRV    Name               dRVI      Co   Wgt Ctr
 ----------------------------------------------------------------- ---
   3.7   1.6   0.81  66.26    Wolkenteiler      66.06    0.15  14  10
 ----------------------------------------------------------------- ---
   4.0   2.0   0.80   7.24    fresh              6.49    0.35  42  30
   3.9   1.8   0.81   6.00    Snab_LE            6.54    0.40  43  31
 ----------------------------------------------------------------- ---
               RMSE E(RMSI)   RV(HC)  E(RVI)  Const N_Pr N_Obs
   3.9   1.88  1.01    1.02       0       3    0.39   3  564

  
  Wv-  FpI=  0
  
    MV    SD  r(Pd) dRV    Name               dRVI      Co   Wgt Ctr
 ----------------------------------------------------------------- ---
   6.5   4.2   0.74  54.32    DWD-MOS-MIX-test  54.06    0.26  30  19
 ----------------------------------------------------------------- ---
   6.2   4.1   0.71  14.14    Snab_LE           13.49    0.37  41  25
   6.3   4.1   0.73   1.32    Wolkenteiler       1.20    0.25  28  18
 ----------------------------------------------------------------- ---
               RMSE E(RMSI)   RV(HC)  E(RVI)  Const N_Pr N_Obs
   8.3   4.33  2.69    2.72       0       3    2.68   3  564

  
  Wn-  FpI=  0
  
    MV    SD  r(Pd) dRV    Name               dRVI      Co   Wgt Ctr
 ----------------------------------------------------------------- ---
   7.6   3.3   0.80  63.52    Schneegewitter    63.21    0.64  57  40
 ----------------------------------------------------------------- ---
   8.0   3.3   0.77  13.99    Snab_LE           13.31    0.48  43  29
 ----------------------------------------------------------------- ---
               RMSE E(RMSI)   RV(HC)  E(RVI)  Const N_Pr N_Obs
   8.0   4.25  2.38    2.40       0       2   -0.63   2  564

  
  PPP  FpI=  0
  
    MV    SD  r(Pd) dRV    Name               dRVI      Co   Wgt Ctr
 ----------------------------------------------------------------- ---
  15.1   9.0   1.00  99.20    fresh             99.12    0.77  77  77
 ----------------------------------------------------------------- ---
  15.1   9.0   0.99   4.62    MSwr-EZ-MOS        3.88    0.23  23  23
 ----------------------------------------------------------------- ---
               RMSE E(RMSI)   RV(HC)  E(RVI)  Const N_Pr N_Obs
  15.0   9.07  0.83    0.84       0       2   -0.03   2  564

  
  TTm  FpI=  0
  
    MV    SD  r(Pd) dRV    Name               dRVI      Co   Wgt Ctr
 ----------------------------------------------------------------- ---
  26.6  12.9   0.99  98.01    DWD-MOS-MIX-test  98.01    0.25  25  24
 ----------------------------------------------------------------- ---
  26.7  12.9   0.99   5.76    Snab_LE            5.02    0.34  34  33
  26.7  12.8   0.99   1.37    Wolkenteiler       0.77    0.42  41  41
 ----------------------------------------------------------------- ---
               RMSE E(RMSI)   RV(HC)  E(RVI)  Const N_Pr N_Obs
  26.8  13.21  1.79    1.81       0       3   -0.33   3  564

  
  TTn  FpI=  0
  
    MV    SD  r(Pd) dRV    Name               dRVI      Co   Wgt Ctr
 ----------------------------------------------------------------- ---
  12.8   9.4   0.99  97.42    Snab_LE           97.42    0.65  65  63
 ----------------------------------------------------------------- ---
  12.7   9.3   0.99   5.20    MSwr-EZ-MOS        4.43    0.36  35  34
 ----------------------------------------------------------------- ---
               RMSE E(RMSI)   RV(HC)  E(RVI)  Const N_Pr N_Obs
  12.6   9.53  1.48    1.49       0       2   -0.30   2  564

  
  TTd  FpI=  0
  
    MV    SD  r(Pd) dRV    Name               dRVI      Co   Wgt Ctr
 ----------------------------------------------------------------- ---
  10.4   8.2   0.97  94.28    fresh             94.22    0.47  48  45
 ----------------------------------------------------------------- ---
  10.5   8.3   0.97   8.35    Snab_LE            7.66    0.51  52  49
 ----------------------------------------------------------------- ---
               RMSE E(RMSI)   RV(HC)  E(RVI)  Const N_Pr N_Obs
  10.7   8.29  1.90    1.92       0       2    0.36   2  564

  
  RR-  FpI=  0
  
    MV    SD  r(Pd) dRV    Name               dRVI      Co   Wgt Ctr
 ----------------------------------------------------------------- ---
  11.7   4.3   0.82  66.59    DWD-MOS-MIX-test  66.31    0.46  54  37
 ----------------------------------------------------------------- ---
  11.3   4.2   0.80   4.75    Snab_LE            4.00    0.21  24  16
  11.4   4.4   0.80   0.98    Schneegewitter     0.30    0.19  22  15
 ----------------------------------------------------------------- ---
               RMSE E(RMSI)   RV(HC)  E(RVI)  Const N_Pr N_Obs
  10.8   4.35  2.44    2.47       0       3    0.96   3  564

  
