  N--  FpI=  0
  
    MV    SD  r(Pd) dRV    Name               dRVI      Co   Wgt Ctr
 ----------------------------------------------------------------- ---
  10.8   3.8   0.81  65.61    Grisuji-EZ-L1-MO  65.36    0.13  12   8
 ----------------------------------------------------------------- ---
  10.4   4.4   0.79   6.40    Föhni              5.46    0.28  29  20
  10.7   4.3   0.81   2.76    Oberbayer          1.94    0.32  32  22
  10.8   4.0   0.81   0.98    MSwr-MOS-Mix       0.30    0.28  27  19
 ----------------------------------------------------------------- ---
               RMSE E(RMSI)   RV(HC)  E(RVI)  Const N_Pr N_Obs
  10.8   4.85  2.69    2.74       0       4    0.10   4  514

  
  rSd  FpI=  0
  
    MV    SD  r(Pd) dRV    Name               dRVI      Co   Wgt Ctr
 ----------------------------------------------------------------- ---
  14.2  10.6   0.88  77.62    Oberbayer         77.47    0.36  38  31
 ----------------------------------------------------------------- ---
  12.9   8.8   0.85   7.56    meteoleipzig       6.64    0.32  27  21
  13.7  10.3   0.88   2.96    fleming            2.31    0.34  35  28
 ----------------------------------------------------------------- ---
               RMSE E(RMSI)   RV(HC)  E(RVI)  Const N_Pr N_Obs
  13.5  11.04  4.94    5.01       0       3   -0.47   3  514

  
  dd-  FpI=  0
  
    MV    SD  r(Pd) dRV    Name               dRVI      Co   Wgt Ctr
 ----------------------------------------------------------------- ---
  11.2  11.4   0.95  90.25    fleming           90.17    0.13  14  13
 ----------------------------------------------------------------- ---
  11.4  11.4   0.94  18.40    meteoleipzig      17.59    0.07   8   7
  10.7  11.8   0.93   7.62    DWD-ICON-MOS       6.85    0.22  23  22
  11.5  11.4   0.94   5.71    Ms.Os              5.40    0.23  24  22
  11.0  11.2   0.93   1.93    DWD-MOS-MIX-test   1.55    0.15  16  14
  11.3  11.8   0.95   1.04    Oberbayer          0.37    0.15  16  15
 ----------------------------------------------------------------- ---
               RMSE E(RMSI)   RV(HC)  E(RVI)  Const N_Pr N_Obs
  10.8  11.00  2.83    2.91       0       6    0.24   6  514

  
  ff-  FpI=  0
  
    MV    SD  r(Pd) dRV    Name               dRVI      Co   Wgt Ctr
 ----------------------------------------------------------------- ---
   9.6   3.5   0.82  67.40    Oberbayer         67.21    0.59  59  41
 ----------------------------------------------------------------- ---
   8.7   3.3   0.81   3.72    Ms.Os              2.72    0.43  41  28
 ----------------------------------------------------------------- ---
               RMSE E(RMSI)   RV(HC)  E(RVI)  Const N_Pr N_Obs
   9.4   4.18  2.34    2.36       0       2   -0.02   2  514

  
  fx-  FpI=  0
  
    MV    SD  r(Pd) dRV    Name               dRVI      Co   Wgt Ctr
 ----------------------------------------------------------------- ---
   5.2   2.5   0.83  68.72    fleming           68.43    0.34  36  26
 ----------------------------------------------------------------- ---
   5.0   2.4   0.81   9.24    DWD-MOS-MIX-test   8.31    0.36  37  27
   5.3   2.5   0.80   3.31    Oberbayer          2.62    0.26  27  19
 ----------------------------------------------------------------- ---
               RMSE E(RMSI)   RV(HC)  E(RVI)  Const N_Pr N_Obs
   5.1   2.62  1.37    1.39       0       3    0.22   3  514

  
  Wv-  FpI=  0
  
    MV    SD  r(Pd) dRV    Name               dRVI      Co   Wgt Ctr
 ----------------------------------------------------------------- ---
   6.0   4.0   0.73  53.58    Föhni             53.18    0.39  47  29
 ----------------------------------------------------------------- ---
   6.1   4.2   0.67   7.62    Oberbayer          6.64    0.24  30  17
   6.5   4.3   0.66   3.42    Ms.Os              2.52    0.18  23  13
 ----------------------------------------------------------------- ---
               RMSE E(RMSI)   RV(HC)  E(RVI)  Const N_Pr N_Obs
   8.4   3.96  2.55    2.58       0       3    3.44   3  514

  
  Wn-  FpI=  0
  
    MV    SD  r(Pd) dRV    Name               dRVI      Co   Wgt Ctr
 ----------------------------------------------------------------- ---
   7.6   3.2   0.80  64.64    wetteregon        64.43    0.64  59  42
 ----------------------------------------------------------------- ---
   7.4   3.2   0.70   7.45    meteoleipzig       6.51    0.23  21  13
   7.5   3.3   0.72   3.53    fleming            2.58    0.21  20  13
 ----------------------------------------------------------------- ---
               RMSE E(RMSI)   RV(HC)  E(RVI)  Const N_Pr N_Obs
   8.0   3.88  2.18    2.21       0       3   -0.07   3  514

  
  PPP  FpI=  0
  
    MV    SD  r(Pd) dRV    Name               dRVI      Co   Wgt Ctr
 ----------------------------------------------------------------- ---
  15.9   7.4   0.99  98.60    Bibertaler        98.63    0.48  48  48
 ----------------------------------------------------------------- ---
  15.9   7.4   0.99   3.28    Grisuji-EZ-L1-MO   2.31    0.33  33  33
  16.0   7.4   0.99   1.37    Föhni              0.40    0.18  18  18
 ----------------------------------------------------------------- ---
               RMSE E(RMSI)   RV(HC)  E(RVI)  Const N_Pr N_Obs
  15.9   7.40  0.84    0.85       0       3    0.05   3  514

  
  TTm  FpI=  0
  
    MV    SD  r(Pd) dRV    Name               dRVI      Co   Wgt Ctr
 ----------------------------------------------------------------- ---
  27.3  14.7   0.99  98.21    DWD-MOS-Mix       98.10    0.26  26  26
 ----------------------------------------------------------------- ---
  27.8  14.9   0.99   4.54    Oberbayer          3.54    0.24  25  24
  27.3  14.7   0.99   2.13    MSwr-EZ-MOS        1.26    0.35  35  35
  26.9  13.3   0.99   1.77    MSwr-GFS-MOS       0.84    0.16  14  14
 ----------------------------------------------------------------- ---
               RMSE E(RMSI)   RV(HC)  E(RVI)  Const N_Pr N_Obs
  27.0  14.74  1.94    1.97       0       4   -0.55   4  514

  
  TTn  FpI=  0
  
    MV    SD  r(Pd) dRV    Name               dRVI      Co   Wgt Ctr
 ----------------------------------------------------------------- ---
  14.1  11.1   0.99  98.21    Bibertaler        98.18    0.38  38  37
 ----------------------------------------------------------------- ---
  14.0  10.9   0.99   5.95    Ms.Os              4.96    0.26  26  25
  14.2  11.2   0.99   2.13    DWD-MOS-MIX-test   1.21    0.37  37  36
 ----------------------------------------------------------------- ---
               RMSE E(RMSI)   RV(HC)  E(RVI)  Const N_Pr N_Obs
  14.1  11.36  1.47    1.49       0       3   -0.23   3  514

  
  TTd  FpI=  0
  
    MV    SD  r(Pd) dRV    Name               dRVI      Co   Wgt Ctr
 ----------------------------------------------------------------- ---
  11.5  10.4   0.98  96.63    DWD-MOS-MIX-test  96.55    0.44  43  42
 ----------------------------------------------------------------- ---
  12.1  10.6   0.98  10.43    meteoleipzig       9.48    0.35  35  34
  11.6  10.6   0.98   1.08    Oberbayer          0.26    0.21  21  21
 ----------------------------------------------------------------- ---
               RMSE E(RMSI)   RV(HC)  E(RVI)  Const N_Pr N_Obs
  11.2  10.59  1.84    1.87       0       3   -0.42   3  514

  
  RR-  FpI=  0
  
    MV    SD  r(Pd) dRV    Name               dRVI      Co   Wgt Ctr
 ----------------------------------------------------------------- ---
  12.5   6.3   0.84  70.39    DWD-MOS-MIX-test  70.20    0.22  26  19
 ----------------------------------------------------------------- ---
  12.5   5.9   0.83   3.96    fleming            2.96    0.27  30  21
  12.4   5.8   0.83   1.93    DWD-EZ-MOS         1.22    0.27  30  22
  12.8   6.2   0.79   1.06    Föhni              0.08    0.12  14  10
 ----------------------------------------------------------------- ---
               RMSE E(RMSI)   RV(HC)  E(RVI)  Const N_Pr N_Obs
  12.2   6.11  3.20    3.26       0       4    1.07   4  514

  
