  N--  FpI=  0
  
    MV    SD  r(Pd) dRV    Name               dRVI      Co   Wgt Ctr
 ----------------------------------------------------------------- ---
  10.1   4.6   0.82  66.59    Oberbayer         66.28    0.47  50  35
 ----------------------------------------------------------------- ---
  10.1   4.5   0.78   4.41    Föhni              3.49    0.26  27  18
   9.9   4.8   0.80   1.54    Ms.Os              0.62    0.21  23  16
 ----------------------------------------------------------------- ---
               RMSE E(RMSI)   RV(HC)  E(RVI)  Const N_Pr N_Obs
  10.7   5.13  2.88    2.92       0       3    1.14   3  564

  
  rSd  FpI=  0
  
    MV    SD  r(Pd) dRV    Name               dRVI      Co   Wgt Ctr
 ----------------------------------------------------------------- ---
  13.9  10.1   0.86  73.27    fleming           73.08    0.47  47  37
 ----------------------------------------------------------------- ---
  14.3   9.4   0.85   8.47    DWD-MOS-MIX-test   7.57    0.44  41  32
  12.0  11.7   0.59   3.35    meteoleipzig       2.46    0.11  12   7
 ----------------------------------------------------------------- ---
               RMSE E(RMSI)   RV(HC)  E(RVI)  Const N_Pr N_Obs
  13.6  10.87  5.28    5.35       0       3   -0.49   3  564

  
  dd-  FpI=  0
  
    MV    SD  r(Pd) dRV    Name               dRVI      Co   Wgt Ctr
 ----------------------------------------------------------------- ---
   9.6  11.4   0.93  85.93    fleming           85.84    0.17  18  17
 ----------------------------------------------------------------- ---
   9.0  11.7   0.92  35.76    DWD-ICON-MOS      35.18    0.35  39  36
   9.3  11.8   0.91  10.43    meteoleipzig       9.63    0.10  11  10
   9.4  11.0   0.92   3.24    DWD-MOS-MIX-test   3.58    0.18  18  17
   9.7  11.3   0.91   1.42    Ms.Os              1.16    0.13  14  12
 ----------------------------------------------------------------- ---
               RMSE E(RMSI)   RV(HC)  E(RVI)  Const N_Pr N_Obs
   9.5  10.53  2.90    2.96       0       5    0.86   5  564

  
  ff-  FpI=  0
  
    MV    SD  r(Pd) dRV    Name               dRVI      Co   Wgt Ctr
 ----------------------------------------------------------------- ---
   8.9   3.3   0.83  69.06    DWD-MOS-MIX-test  68.89    0.73  65  49
 ----------------------------------------------------------------- ---
   8.4   9.4   0.40   3.20    Oberbayer          2.27    0.05  11   4
   9.0   3.8   0.81   1.61    fleming            0.81    0.23  23  17
 ----------------------------------------------------------------- ---
               RMSE E(RMSI)   RV(HC)  E(RVI)  Const N_Pr N_Obs
   8.8   4.10  2.22    2.25       0       3   -0.14   3  564

  
  fx-  FpI=  0
  
    MV    SD  r(Pd) dRV    Name               dRVI      Co   Wgt Ctr
 ----------------------------------------------------------------- ---
   5.0   2.4   0.83  69.72    fleming           69.50    0.51  54  39
 ----------------------------------------------------------------- ---
   4.8   2.4   0.83  10.96    DWD-MOS-MIX-test  10.14    0.45  46  34
 ----------------------------------------------------------------- ---
               RMSE E(RMSI)   RV(HC)  E(RVI)  Const N_Pr N_Obs
   5.0   2.64  1.37    1.38       0       2    0.30   2  564

  
  Wv-  FpI=  0
  
    MV    SD  r(Pd) dRV    Name               dRVI      Co   Wgt Ctr
 ----------------------------------------------------------------- ---
   6.0   4.0   0.71  50.69    Föhni             50.39    0.31  36  22
 ----------------------------------------------------------------- ---
   6.1   4.1   0.70  11.36    Bibertaler        10.53    0.16  20  12
   6.1   4.1   0.67   2.25    fleming            1.35    0.10  13   7
   6.1   4.2   0.67   0.92    Oberbayer          0.05    0.14  18  10
   6.1   4.2   0.60   1.14    Ms.Os              0.44    0.11  14   7
 ----------------------------------------------------------------- ---
               RMSE E(RMSI)   RV(HC)  E(RVI)  Const N_Pr N_Obs
   8.5   3.99  2.58    2.64       0       5    3.47   5  564

  
  Wn-  FpI=  0
  
    MV    SD  r(Pd) dRV    Name               dRVI      Co   Wgt Ctr
 ----------------------------------------------------------------- ---
   7.2   3.0   0.76  58.06    SandstormSepp     57.80    0.27  26  17
 ----------------------------------------------------------------- ---
   7.1   3.1   0.69   3.88    fleming            2.96    0.20  20  12
   7.1   3.2   0.72   1.77    DWD-ICON-MOS       0.98    0.20  20  12
   7.0   3.0   0.69   1.66    meteoleipzig       0.81    0.17  16  10
   7.3   3.1   0.72   1.28    Föhni              0.48    0.19  18  11
 ----------------------------------------------------------------- ---
               RMSE E(RMSI)   RV(HC)  E(RVI)  Const N_Pr N_Obs
   7.8   3.72  2.30    2.35       0       5    0.42   5  564

  
  PPP  FpI=  0
  
    MV    SD  r(Pd) dRV    Name               dRVI      Co   Wgt Ctr
 ----------------------------------------------------------------- ---
  15.9   7.6   0.99  98.80    Bibertaler        98.70    0.53  53  53
 ----------------------------------------------------------------- ---
  15.9   7.6   0.99   3.84    DWD-MOS-Mix        2.99    0.47  47  46
 ----------------------------------------------------------------- ---
               RMSE E(RMSI)   RV(HC)  E(RVI)  Const N_Pr N_Obs
  15.9   7.65  0.85    0.86       0       2    0.04   2  564

  
  TTm  FpI=  0
  
    MV    SD  r(Pd) dRV    Name               dRVI      Co   Wgt Ctr
 ----------------------------------------------------------------- ---
  28.0  13.5   0.99  97.22    fleming           97.18    0.56  56  54
 ----------------------------------------------------------------- ---
  27.7  13.6   0.99   5.52    DWD-MOS-MIX-test   4.64    0.44  44  43
 ----------------------------------------------------------------- ---
               RMSE E(RMSI)   RV(HC)  E(RVI)  Const N_Pr N_Obs
  27.4  13.78  2.24    2.26       0       2   -0.58   2  564

  
  TTn  FpI=  0
  
    MV    SD  r(Pd) dRV    Name               dRVI      Co   Wgt Ctr
 ----------------------------------------------------------------- ---
  14.2  10.2   0.99  97.81    Bibertaler        97.72    0.58  57  55
 ----------------------------------------------------------------- ---
  14.3  10.3   0.99   3.53    DWD-MOS-MIX-test   2.60    0.44  43  43
 ----------------------------------------------------------------- ---
               RMSE E(RMSI)   RV(HC)  E(RVI)  Const N_Pr N_Obs
  14.1  10.52  1.55    1.57       0       2   -0.28   2  564

  
  TTd  FpI=  0
  
    MV    SD  r(Pd) dRV    Name               dRVI      Co   Wgt Ctr
 ----------------------------------------------------------------- ---
  12.3   9.8   0.98  96.83    DWD-MOS-Mix       96.71    0.08   8   8
 ----------------------------------------------------------------- ---
  12.2   9.8   0.98   5.11    DWD-MOS-MIX-test   4.22    0.90  89  87
  12.1  12.3   0.72   1.30    meteoleipzig       0.38    0.02   3   2
 ----------------------------------------------------------------- ---
               RMSE E(RMSI)   RV(HC)  E(RVI)  Const N_Pr N_Obs
  12.2   9.95  1.74    1.76       0       3   -0.09   3  564

  
  RR-  FpI=  0
  
    MV    SD  r(Pd) dRV    Name               dRVI      Co   Wgt Ctr
 ----------------------------------------------------------------- ---
  12.0   6.1   0.84  70.56    DWD-MOS-MIX-test  70.31    0.63  75  53
 ----------------------------------------------------------------- ---
  12.1   5.7   0.82   1.69    fleming            0.76    0.23  25  18
 ----------------------------------------------------------------- ---
               RMSE E(RMSI)   RV(HC)  E(RVI)  Const N_Pr N_Obs
  12.1   6.04  3.25    3.28       0       2    1.77   2  564

  
