  N--  FpI=  0
  
    MV    SD  r(Pd) dRV    Name               dRVI      Co   Wgt Ctr
 ----------------------------------------------------------------- ---
  10.3   4.6   0.82  67.24    Oberbayer         66.94    0.48  51  36
 ----------------------------------------------------------------- ---
  10.3   4.5   0.79   4.04    Föhni              3.12    0.24  25  17
  10.0   4.8   0.80   1.64    Ms.Os              0.72    0.22  24  16
 ----------------------------------------------------------------- ---
               RMSE E(RMSI)   RV(HC)  E(RVI)  Const N_Pr N_Obs
  10.7   5.09  2.84    2.87       0       3    1.16   3  567

  
  rSd  FpI=  0
  
    MV    SD  r(Pd) dRV    Name               dRVI      Co   Wgt Ctr
 ----------------------------------------------------------------- ---
  13.6  10.0   0.87  75.52    Bibertaler        75.33    0.20  19  16
 ----------------------------------------------------------------- ---
  13.5  10.3   0.87   8.18    fleming            7.29    0.40  39  32
  11.8  11.7   0.60   3.88    meteoleipzig       2.99    0.10  11   6
  13.9   9.7   0.87   1.69    DWD-MOS-MIX-test   1.32    0.33  30  25
 ----------------------------------------------------------------- ---
               RMSE E(RMSI)   RV(HC)  E(RVI)  Const N_Pr N_Obs
  13.2  11.10  5.10    5.19       0       4   -0.70   4  567

  
  dd-  FpI=  0
  
    MV    SD  r(Pd) dRV    Name               dRVI      Co   Wgt Ctr
 ----------------------------------------------------------------- ---
  10.0  11.3   0.93  86.49    fleming           86.35    0.16  18  16
 ----------------------------------------------------------------- ---
   9.4  11.7   0.92  35.16    DWD-ICON-MOS      34.61    0.35  39  36
   9.7  11.7   0.92  10.24    meteoleipzig       9.44    0.09  10   9
   9.8  10.9   0.92   3.65    DWD-MOS-MIX-test   4.12    0.19  20  18
  10.0  11.3   0.91   1.54    Ms.Os              1.34    0.13  14  13
 ----------------------------------------------------------------- ---
               RMSE E(RMSI)   RV(HC)  E(RVI)  Const N_Pr N_Obs
   9.8  10.54  2.85    2.91       0       5    0.82   5  567

  
  ff-  FpI=  0
  
    MV    SD  r(Pd) dRV    Name               dRVI      Co   Wgt Ctr
 ----------------------------------------------------------------- ---
   9.0   3.3   0.83  68.23    DWD-MOS-MIX-test  68.06    0.70  63  48
 ----------------------------------------------------------------- ---
   8.5   9.4   0.40   3.31    Oberbayer          2.38    0.05  12   4
   9.1   3.7   0.80   2.13    fleming            1.37    0.25  25  18
 ----------------------------------------------------------------- ---
               RMSE E(RMSI)   RV(HC)  E(RVI)  Const N_Pr N_Obs
   8.9   4.04  2.21    2.24       0       3   -0.06   3  567

  
  fx-  FpI=  0
  
    MV    SD  r(Pd) dRV    Name               dRVI      Co   Wgt Ctr
 ----------------------------------------------------------------- ---
   4.9   2.4   0.83  69.22    fleming           68.99    0.58  61  44
 ----------------------------------------------------------------- ---
   4.8   2.3   0.81   8.76    DWD-MOS-MIX-test   7.90    0.38  39  27
 ----------------------------------------------------------------- ---
               RMSE E(RMSI)   RV(HC)  E(RVI)  Const N_Pr N_Obs
   5.0   2.61  1.38    1.40       0       2    0.33   2  567

  
  Wv-  FpI=  0
  
    MV    SD  r(Pd) dRV    Name               dRVI      Co   Wgt Ctr
 ----------------------------------------------------------------- ---
   6.1   4.0   0.70  49.42    Föhni             49.05    0.22  26  16
 ----------------------------------------------------------------- ---
   6.1   4.2   0.68  10.50    Oberbayer          9.66    0.18  22  13
   6.3   4.3   0.58   3.57    Ms.Os              2.76    0.12  15   8
   6.2   4.3   0.69   2.22    DWD-ICON-MOS       1.40    0.16  20  12
   6.1   4.1   0.68   1.28    fleming            0.43    0.14  16  10
 ----------------------------------------------------------------- ---
               RMSE E(RMSI)   RV(HC)  E(RVI)  Const N_Pr N_Obs
   8.5   4.01  2.60    2.66       0       5    3.39   5  567

  
  Wn-  FpI=  0
  
    MV    SD  r(Pd) dRV    Name               dRVI      Co   Wgt Ctr
 ----------------------------------------------------------------- ---
   7.0   3.1   0.70  49.28    meteoleipzig      48.96    0.30  28  17
 ----------------------------------------------------------------- ---
   7.0   3.2   0.69  15.05    DWD-ICON-MOS      14.21    0.24  23  14
   7.3   3.1   0.69   4.00    Föhni              3.23    0.19  18  11
   6.9   3.1   0.68   1.02    MSwr-GFS-MOS       0.18    0.18  17  10
   7.1   3.1   0.62   1.17    fleming            0.44    0.14  14   7
 ----------------------------------------------------------------- ---
               RMSE E(RMSI)   RV(HC)  E(RVI)  Const N_Pr N_Obs
   7.8   3.76  2.39    2.44       0       5    0.33   5  567

  
  PPP  FpI=  0
  
    MV    SD  r(Pd) dRV    Name               dRVI      Co   Wgt Ctr
 ----------------------------------------------------------------- ---
  15.7   7.4   0.99  98.60    Bibertaler        98.63    0.54  54  53
 ----------------------------------------------------------------- ---
  15.8   7.4   0.99   3.84    DWD-MOS-Mix        2.93    0.46  46  46
 ----------------------------------------------------------------- ---
               RMSE E(RMSI)   RV(HC)  E(RVI)  Const N_Pr N_Obs
  15.8   7.42  0.85    0.86       0       2    0.07   2  567

  
  TTm  FpI=  0
  
    MV    SD  r(Pd) dRV    Name               dRVI      Co   Wgt Ctr
 ----------------------------------------------------------------- ---
  27.6  13.6   0.99  97.42    fleming           97.32    0.57  56  55
 ----------------------------------------------------------------- ---
  27.3  13.7   0.99   5.38    DWD-MOS-MIX-test   4.49    0.44  44  43
 ----------------------------------------------------------------- ---
               RMSE E(RMSI)   RV(HC)  E(RVI)  Const N_Pr N_Obs
  27.0  13.89  2.20    2.22       0       2   -0.59   2  567

  
  TTn  FpI=  0
  
    MV    SD  r(Pd) dRV    Name               dRVI      Co   Wgt Ctr
 ----------------------------------------------------------------- ---
  14.0  10.2   0.99  97.81    Bibertaler        97.78    0.55  53  52
 ----------------------------------------------------------------- ---
  14.1  10.3   0.99   4.04    DWD-MOS-MIX-test   3.12    0.47  47  46
 ----------------------------------------------------------------- ---
               RMSE E(RMSI)   RV(HC)  E(RVI)  Const N_Pr N_Obs
  13.9  10.49  1.53    1.54       0       2   -0.33   2  567

  
  TTd  FpI=  0
  
    MV    SD  r(Pd) dRV    Name               dRVI      Co   Wgt Ctr
 ----------------------------------------------------------------- ---
  12.0   9.7   0.98  96.83    DWD-MOS-MIX-test  96.84    0.76  75  73
 ----------------------------------------------------------------- ---
  12.2   9.7   0.98   1.28    fleming            0.34    0.23  23  22
  11.9  12.2   0.72   1.02    meteoleipzig       0.10    0.02   3   2
 ----------------------------------------------------------------- ---
               RMSE E(RMSI)   RV(HC)  E(RVI)  Const N_Pr N_Obs
  11.9   9.90  1.73    1.75       0       3   -0.19   3  567

  
  RR-  FpI=  0
  
    MV    SD  r(Pd) dRV    Name               dRVI      Co   Wgt Ctr
 ----------------------------------------------------------------- ---
  12.1   6.1   0.81  65.77    DWD-MOS-MIX-test  65.49    0.33  39  27
 ----------------------------------------------------------------- ---
  12.1   5.6   0.81   5.81    fleming            4.93    0.35  38  27
  12.1   5.9   0.77   2.22    DWD-ICON-MOS       1.31    0.19  22  15
 ----------------------------------------------------------------- ---
               RMSE E(RMSI)   RV(HC)  E(RVI)  Const N_Pr N_Obs
  12.0   5.99  3.37    3.41       0       3    1.48   3  567

  
