  N--  FpI=  0
  
    MV    SD  r(Pd) dRV    Name               dRVI      Co   Wgt Ctr
 ----------------------------------------------------------------- ---
   9.8   5.0   0.84  70.39    ww75              70.24    0.54  57  41
 ----------------------------------------------------------------- ---
   9.5   4.8   0.82   4.08    DWD-MOS-MIX-test   3.24    0.27  27  19
   9.5   4.9   0.80   0.96    Ms.Os              0.12    0.15  16  11
 ----------------------------------------------------------------- ---
               RMSE E(RMSI)   RV(HC)  E(RVI)  Const N_Pr N_Obs
  10.0   5.41  2.86    2.90       0       3    0.77   3  567

  
  rSd  FpI=  0
  
    MV    SD  r(Pd) dRV    Name               dRVI      Co   Wgt Ctr
 ----------------------------------------------------------------- ---
  11.5   9.2   0.90  80.28    DWD-MOS-MIX-test  80.07    0.60  53  44
 ----------------------------------------------------------------- ---
  11.8   9.3   0.89   4.49    Bibertaler         3.65    0.40  36  30
  11.1  13.8   0.72   2.25    Hochfirst          1.41    0.08  11   7
 ----------------------------------------------------------------- ---
               RMSE E(RMSI)   RV(HC)  E(RVI)  Const N_Pr N_Obs
  11.1  11.05  4.75    4.81       0       3   -1.40   3  567

  
  dd-  FpI=  0
  
    MV    SD  r(Pd) dRV    Name               dRVI      Co   Wgt Ctr
 ----------------------------------------------------------------- ---
   8.5  12.5   0.90  81.36    Hurricane         81.29    0.08   9   8
 ----------------------------------------------------------------- ---
   8.6  12.2   0.89  18.75    DWD-EZ-MOS        18.08    0.19  22  20
   8.0  11.2   0.85   6.05    MSwr-EZ-MOS        5.26    0.16  18  15
   8.9  12.5   0.88   5.15    DWD-ICON-MOS       4.55    0.15  18  15
   8.9  12.0   0.89   1.42    Hochfirst          0.80    0.11  13  11
   8.7  12.4   0.90   0.92    ww75               0.82    0.17  20  18
 ----------------------------------------------------------------- ---
               RMSE E(RMSI)   RV(HC)  E(RVI)  Const N_Pr N_Obs
   8.4  10.47  3.77    3.87       0       6    1.08   6  567

  
  ff-  FpI=  0
  
    MV    SD  r(Pd) dRV    Name               dRVI      Co   Wgt Ctr
 ----------------------------------------------------------------- ---
   5.4   2.7   0.82  66.42    DWD-MOS-MIX-test  66.27    0.74  73  49
 ----------------------------------------------------------------- ---
   5.5   2.5   0.80   1.17    Bibertaler         0.31    0.29  27  18
 ----------------------------------------------------------------- ---
               RMSE E(RMSI)   RV(HC)  E(RVI)  Const N_Pr N_Obs
   5.4   3.28  1.89    1.90       0       2   -0.18   2  567

  
  fx-  FpI=  0
  
    MV    SD  r(Pd) dRV    Name               dRVI      Co   Wgt Ctr
 ----------------------------------------------------------------- ---
   3.8   2.1   0.83  68.72    DWD-MOS-MIX-test  68.52    0.65  71  49
 ----------------------------------------------------------------- ---
   3.8   2.1   0.82   1.12    DWD-EZ-MOS         0.25    0.27  29  20
 ----------------------------------------------------------------- ---
               RMSE E(RMSI)   RV(HC)  E(RVI)  Const N_Pr N_Obs
   4.1   2.31  1.29    1.30       0       2    0.59   2  567

  
  Wv-  FpI=  0
  
    MV    SD  r(Pd) dRV    Name               dRVI      Co   Wgt Ctr
 ----------------------------------------------------------------- ---
   7.0   4.4   0.62  38.19    DWD-EZ-MOS        37.70    0.19  25  12
 ----------------------------------------------------------------- ---
   7.0   4.3   0.61   5.76    ww75               4.95    0.22  29  13
   6.3   4.2   0.59   3.03    MSwr-EZ-MOS        2.22    0.17  22  10
   6.8   4.3   0.60   1.59    Mammatus95         0.78    0.17  23  10
 ----------------------------------------------------------------- ---
               RMSE E(RMSI)   RV(HC)  E(RVI)  Const N_Pr N_Obs
   8.6   4.42  3.29    3.35       0       4    3.52   4  567

  
  Wn-  FpI=  0
  
    MV    SD  r(Pd) dRV    Name               dRVI      Co   Wgt Ctr
 ----------------------------------------------------------------- ---
   7.2   3.2   0.71  50.98    Hurricane         50.64    0.54  52  29
 ----------------------------------------------------------------- ---
   7.6   3.3   0.71   9.49    DWD-MOS-MIX-test   8.69    0.48  48  26
 ----------------------------------------------------------------- ---
               RMSE E(RMSI)   RV(HC)  E(RVI)  Const N_Pr N_Obs
   8.0   4.26  2.84    2.86       0       2    0.52   2  567

  
  PPP  FpI=  0
  
    MV    SD  r(Pd) dRV    Name               dRVI      Co   Wgt Ctr
 ----------------------------------------------------------------- ---
  15.9   7.6   0.99  98.41    DWD-MOS-MIX-test  98.30    0.85  84  83
 ----------------------------------------------------------------- ---
  15.8   7.9   0.98   3.24    Ms.Os              2.37    0.16  16  16
 ----------------------------------------------------------------- ---
               RMSE E(RMSI)   RV(HC)  E(RVI)  Const N_Pr N_Obs
  15.7   7.75  0.99    1.00       0       2   -0.31   2  567

  
  TTm  FpI=  0
  
    MV    SD  r(Pd) dRV    Name               dRVI      Co   Wgt Ctr
 ----------------------------------------------------------------- ---
  25.8  12.5   0.99  97.22    DWD-EZ-MOS        97.18    0.36  35  34
 ----------------------------------------------------------------- ---
  25.8  12.5   0.99   3.76    DWD-MOS-MIX-test   2.90    0.62  61  60
  25.0  14.8   0.81   1.39    Ms.Os              0.55    0.03   3   3
 ----------------------------------------------------------------- ---
               RMSE E(RMSI)   RV(HC)  E(RVI)  Const N_Pr N_Obs
  25.7  12.74  2.08    2.10       0       3   -0.20   3  567

  
  TTn  FpI=  0
  
    MV    SD  r(Pd) dRV    Name               dRVI      Co   Wgt Ctr
 ----------------------------------------------------------------- ---
  12.2   9.0   0.99  97.22    DWD-MOS-MIX-test  97.15    1.00 100  97
 ----------------------------------------------------------------- ---
               RMSE E(RMSI)   RV(HC)  E(RVI)  Const N_Pr N_Obs
  12.1   9.16  1.54    1.55       0       1   -0.09   1  567

  
  TTd  FpI=  0
  
    MV    SD  r(Pd) dRV    Name               dRVI      Co   Wgt Ctr
 ----------------------------------------------------------------- ---
  11.7   8.8   0.98  96.04    DWD-MOS-MIX-test  95.95    1.01 100  96
 ----------------------------------------------------------------- ---
               RMSE E(RMSI)   RV(HC)  E(RVI)  Const N_Pr N_Obs
  11.8   9.08  1.82    1.83       0       1    0.04   1  567

  
  RR-  FpI=  0
  
    MV    SD  r(Pd) dRV    Name               dRVI      Co   Wgt Ctr
 ----------------------------------------------------------------- ---
  12.8   6.2   0.86  73.96    DWD-MOS-MIX-test  73.81    0.60  70  52
 ----------------------------------------------------------------- ---
  13.0   6.3   0.85   1.35    Bibertaler         0.49    0.26  30  22
 ----------------------------------------------------------------- ---
               RMSE E(RMSI)   RV(HC)  E(RVI)  Const N_Pr N_Obs
  12.4   6.15  3.11    3.14       0       2    1.43   2  567

  
