  N--  FpI=  0
  
    MV    SD  r(Pd) dRV    Name               dRVI      Co   Wgt Ctr
 ----------------------------------------------------------------- ---
   9.7   5.0   0.84  70.90    ww75              70.64    0.53  56  41
 ----------------------------------------------------------------- ---
   9.5   4.8   0.82   4.08    DWD-MOS-MIX-test   3.23    0.21  22  15
  10.2   4.7   0.82   1.08    Bibertaler         0.28    0.22  22  16
 ----------------------------------------------------------------- ---
               RMSE E(RMSI)   RV(HC)  E(RVI)  Const N_Pr N_Obs
   9.9   5.44  2.86    2.90       0       3    0.50   3  564

  
  rSd  FpI=  0
  
    MV    SD  r(Pd) dRV    Name               dRVI      Co   Wgt Ctr
 ----------------------------------------------------------------- ---
  11.6   9.3   0.90  80.64    DWD-MOS-MIX-test  80.58    0.55  49  41
 ----------------------------------------------------------------- ---
  11.9   9.5   0.89   5.38    Bibertaler         4.54    0.44  40  34
  11.0  14.0   0.73   2.31    ww75               1.46    0.08  11   7
 ----------------------------------------------------------------- ---
               RMSE E(RMSI)   RV(HC)  E(RVI)  Const N_Pr N_Obs
  11.4  11.15  4.71    4.77       0       3   -1.17   3  564

  
  dd-  FpI=  0
  
    MV    SD  r(Pd) dRV    Name               dRVI      Co   Wgt Ctr
 ----------------------------------------------------------------- ---
   8.6  12.5   0.90  80.64    Hurricane         80.52    0.18  22  19
 ----------------------------------------------------------------- ---
   8.8  12.0   0.89  18.32    DWD-EZ-MOS        17.58    0.17  20  18
   8.7  12.8   0.90   6.15    DWD-ICON-MOS       5.41    0.22  28  24
   8.1  11.2   0.85   5.52    MSwr-EZ-MOS        4.92    0.14  16  13
   9.0  12.1   0.88   1.30    Hochfirst          0.67    0.12  14  12
 ----------------------------------------------------------------- ---
               RMSE E(RMSI)   RV(HC)  E(RVI)  Const N_Pr N_Obs
   8.6  10.42  3.87    3.95       0       5    1.37   5  564

  
  ff-  FpI=  0
  
    MV    SD  r(Pd) dRV    Name               dRVI      Co   Wgt Ctr
 ----------------------------------------------------------------- ---
   5.4   2.6   0.81  65.61    DWD-MOS-MIX-test  65.35    0.74  73  49
 ----------------------------------------------------------------- ---
   5.5   2.5   0.79   1.10    Bibertaler         0.22    0.28  27  17
 ----------------------------------------------------------------- ---
               RMSE E(RMSI)   RV(HC)  E(RVI)  Const N_Pr N_Obs
   5.5   3.26  1.90    1.92       0       2   -0.13   2  564

  
  fx-  FpI=  0
  
    MV    SD  r(Pd) dRV    Name               dRVI      Co   Wgt Ctr
 ----------------------------------------------------------------- ---
   3.9   2.1   0.83  68.89    DWD-MOS-MIX-test  68.64    0.66  72  50
 ----------------------------------------------------------------- ---
   3.9   2.1   0.82   1.04    DWD-EZ-MOS         0.15    0.26  28  19
 ----------------------------------------------------------------- ---
               RMSE E(RMSI)   RV(HC)  E(RVI)  Const N_Pr N_Obs
   4.2   2.34  1.30    1.31       0       2    0.59   2  564

  
  Wv-  FpI=  0
  
    MV    SD  r(Pd) dRV    Name               dRVI      Co   Wgt Ctr
 ----------------------------------------------------------------- ---
   6.9   4.3   0.62  39.06    ww75              38.62    0.35  46  21
 ----------------------------------------------------------------- ---
   6.6   4.3   0.61   7.95    Mammatus95         7.12    0.26  34  15
   6.3   4.2   0.56   1.46    Ms.Os              0.62    0.15  19   8
 ----------------------------------------------------------------- ---
               RMSE E(RMSI)   RV(HC)  E(RVI)  Const N_Pr N_Obs
   8.6   4.41  3.28    3.32       0       3    3.51   3  564

  
  Wn-  FpI=  0
  
    MV    SD  r(Pd) dRV    Name               dRVI      Co   Wgt Ctr
 ----------------------------------------------------------------- ---
   7.3   3.3   0.70  49.70    Hurricane         49.29    0.53  52  28
 ----------------------------------------------------------------- ---
   7.6   3.3   0.70   8.88    DWD-MOS-MIX-test   8.04    0.48  48  26
 ----------------------------------------------------------------- ---
               RMSE E(RMSI)   RV(HC)  E(RVI)  Const N_Pr N_Obs
   8.1   4.29  2.90    2.93       0       2    0.65   2  564

  
  PPP  FpI=  0
  
    MV    SD  r(Pd) dRV    Name               dRVI      Co   Wgt Ctr
 ----------------------------------------------------------------- ---
  15.9   7.9   0.99  98.41    DWD-EZ-MOS        98.35    0.04   4   3
 ----------------------------------------------------------------- ---
  15.9   7.9   0.99   4.88    DWD-MOS-MIX-test   3.98    0.82  80  79
  15.9   8.1   0.99   3.13    Ms.Os              2.34    0.16  16  16
 ----------------------------------------------------------------- ---
               RMSE E(RMSI)   RV(HC)  E(RVI)  Const N_Pr N_Obs
  15.7   8.03  0.99    1.00       0       3   -0.37   3  564

  
  TTm  FpI=  0
  
    MV    SD  r(Pd) dRV    Name               dRVI      Co   Wgt Ctr
 ----------------------------------------------------------------- ---
  26.2  12.3   0.99  97.02    DWD-EZ-MOS        97.03    0.38  37  37
 ----------------------------------------------------------------- ---
  26.2  12.3   0.99   3.46    DWD-MOS-MIX-test   2.55    0.60  59  58
  25.5  14.7   0.81   1.39    Ms.Os              0.52    0.03   3   3
 ----------------------------------------------------------------- ---
               RMSE E(RMSI)   RV(HC)  E(RVI)  Const N_Pr N_Obs
  26.2  12.51  2.10    2.12       0       3   -0.06   3  564

  
  TTn  FpI=  0
  
    MV    SD  r(Pd) dRV    Name               dRVI      Co   Wgt Ctr
 ----------------------------------------------------------------- ---
  12.5   8.9   0.99  97.02    DWD-MOS-MIX-test  97.01    0.78  78  76
 ----------------------------------------------------------------- ---
  12.6   8.9   0.98   0.92    Bibertaler         0.02    0.22  22  21
 ----------------------------------------------------------------- ---
               RMSE E(RMSI)   RV(HC)  E(RVI)  Const N_Pr N_Obs
  12.5   9.01  1.54    1.56       0       2   -0.03   2  564

  
  TTd  FpI=  0
  
    MV    SD  r(Pd) dRV    Name               dRVI      Co   Wgt Ctr
 ----------------------------------------------------------------- ---
  12.0   8.8   0.98  95.84    DWD-MOS-MIX-test  95.83    1.01 100  96
 ----------------------------------------------------------------- ---
               RMSE E(RMSI)   RV(HC)  E(RVI)  Const N_Pr N_Obs
  12.2   9.03  1.84    1.84       0       1    0.06   1  564

  
  RR-  FpI=  0
  
    MV    SD  r(Pd) dRV    Name               dRVI      Co   Wgt Ctr
 ----------------------------------------------------------------- ---
  13.0   6.2   0.85  72.93    DWD-MOS-MIX-test  72.75    0.54  63  47
 ----------------------------------------------------------------- ---
  13.2   6.3   0.85   1.74    Bibertaler         0.86    0.31  37  27
 ----------------------------------------------------------------- ---
               RMSE E(RMSI)   RV(HC)  E(RVI)  Const N_Pr N_Obs
  12.6   6.16  3.18    3.20       0       2    1.52   2  564

  
