  N--  FpI=  0
  
    MV    SD  r(Pd) dRV    Name               dRVI      Co   Wgt Ctr
 ----------------------------------------------------------------- ---
  10.4   4.7   0.83  68.72    juerga            68.50    0.65  68  48
 ----------------------------------------------------------------- ---
  10.0   4.8   0.81   2.66    ww75               1.60    0.30  32  22
 ----------------------------------------------------------------- ---
               RMSE E(RMSI)   RV(HC)  E(RVI)  Const N_Pr N_Obs
   9.9   5.29  2.92    2.95       0       2    0.23   2  514

  
  rSd  FpI=  0
  
    MV    SD  r(Pd) dRV    Name               dRVI      Co   Wgt Ctr
 ----------------------------------------------------------------- ---
  11.4   9.8   0.90  80.28    juerga            80.18    0.53  50  42
 ----------------------------------------------------------------- ---
  11.4   9.7   0.89   3.96    Bibertaler         2.91    0.42  39  33
  10.5  16.7   0.66   3.50    Schneeflöckli      2.47    0.07  12   7
 ----------------------------------------------------------------- ---
               RMSE E(RMSI)   RV(HC)  E(RVI)  Const N_Pr N_Obs
  11.1  11.16  4.76    4.83       0       3   -0.44   3  514

  
  dd-  FpI=  0
  
    MV    SD  r(Pd) dRV    Name               dRVI      Co   Wgt Ctr
 ----------------------------------------------------------------- ---
   8.3  12.5   0.92  83.72    DWD-ICON-MOS      83.65    0.23  28  25
 ----------------------------------------------------------------- ---
   8.3  11.9   0.88  15.52    Ms.Os             14.63    0.15  17  15
   8.1  11.5   0.91   7.45    DWD-MOS-MIX-test   6.50    0.16  17  16
   8.2  12.6   0.90   4.49    humilis91          3.48    0.16  20  17
   8.3  11.9   0.89   4.04    DWD-EZ-MOS         3.11    0.16  18  16
 ----------------------------------------------------------------- ---
               RMSE E(RMSI)   RV(HC)  E(RVI)  Const N_Pr N_Obs
   7.9  10.42  3.55    3.64       0       5    0.94   5  514

  
  ff-  FpI=  0
  
    MV    SD  r(Pd) dRV    Name               dRVI      Co   Wgt Ctr
 ----------------------------------------------------------------- ---
   5.7   2.8   0.83  68.06    DWD-MOS-MIX-test  67.84    0.58  58  40
 ----------------------------------------------------------------- ---
   5.8   2.6   0.82   2.50    juerga             1.44    0.47  42  29
 ----------------------------------------------------------------- ---
               RMSE E(RMSI)   RV(HC)  E(RVI)  Const N_Pr N_Obs
   5.9   3.39  1.89    1.91       0       2   -0.17   2  514

  
  fx-  FpI=  0
  
    MV    SD  r(Pd) dRV    Name               dRVI      Co   Wgt Ctr
 ----------------------------------------------------------------- ---
   3.9   2.0   0.87  75.34    juerga            75.10    0.60  58  45
 ----------------------------------------------------------------- ---
   3.9   2.2   0.86   4.41    DWD-EZ-MOS         3.39    0.39  42  32
 ----------------------------------------------------------------- ---
               RMSE E(RMSI)   RV(HC)  E(RVI)  Const N_Pr N_Obs
   4.1   2.38  1.15    1.17       0       2    0.20   2  514

  
  Wv-  FpI=  0
  
    MV    SD  r(Pd) dRV    Name               dRVI      Co   Wgt Ctr
 ----------------------------------------------------------------- ---
   6.7   4.3   0.66  43.56    DWD-EZ-MOS        43.13    0.30  41  20
 ----------------------------------------------------------------- ---
   6.4   4.1   0.65   6.71    DWD-MOS-MIX-test   5.72    0.26  32  16
   6.5   4.1   0.65   1.93    ww75               0.88    0.21  27  13
 ----------------------------------------------------------------- ---
               RMSE E(RMSI)   RV(HC)  E(RVI)  Const N_Pr N_Obs
   8.4   4.37  3.14    3.19       0       3    3.41   3  514

  
  Wn-  FpI=  0
  
    MV    SD  r(Pd) dRV    Name               dRVI      Co   Wgt Ctr
 ----------------------------------------------------------------- ---
   7.7   3.3   0.74  55.06    DWD-MOS-MIX-test  54.65    0.30  27  17
 ----------------------------------------------------------------- ---
   7.4   3.3   0.74   9.86    Hurricane          8.90    0.35  32  20
   8.0   3.4   0.67   2.99    meteoleipzig       2.13    0.24  22  12
   7.5   3.4   0.69   1.08    DWD-ICON-MOS       0.48    0.22  20  12
 ----------------------------------------------------------------- ---
               RMSE E(RMSI)   RV(HC)  E(RVI)  Const N_Pr N_Obs
   8.3   4.34  2.70    2.76       0       4   -0.18   4  514

  
  PPP  FpI=  0
  
    MV    SD  r(Pd) dRV    Name               dRVI      Co   Wgt Ctr
 ----------------------------------------------------------------- ---
  16.5   7.4   0.99  98.21    DWD-EZ-MOS        98.15    0.13  12  12
 ----------------------------------------------------------------- ---
  16.5   7.3   0.99   9.73    juerga             8.75    0.73  71  70
  16.4   7.8   0.98   5.43    Ms.Os              4.95    0.16  17  16
 ----------------------------------------------------------------- ---
               RMSE E(RMSI)   RV(HC)  E(RVI)  Const N_Pr N_Obs
  16.3   7.56  0.94    0.96       0       3   -0.45   3  514

  
  TTm  FpI=  0
  
    MV    SD  r(Pd) dRV    Name               dRVI      Co   Wgt Ctr
 ----------------------------------------------------------------- ---
  25.6  13.3   0.99  97.42    juerga            97.40    1.01 100  97
 ----------------------------------------------------------------- ---
               RMSE E(RMSI)   RV(HC)  E(RVI)  Const N_Pr N_Obs
  25.5  13.55  2.17    2.18       0       1   -0.29   1  514

  
  TTn  FpI=  0
  
    MV    SD  r(Pd) dRV    Name               dRVI      Co   Wgt Ctr
 ----------------------------------------------------------------- ---
  11.8   9.7   0.99  97.61    DWD-MOS-MIX-test  97.53    0.75  75  73
 ----------------------------------------------------------------- ---
  12.1   9.6   0.99   1.54    juerga             0.46    0.25  25  24
 ----------------------------------------------------------------- ---
               RMSE E(RMSI)   RV(HC)  E(RVI)  Const N_Pr N_Obs
  11.8   9.88  1.54    1.55       0       2   -0.14   2  514

  
  TTd  FpI=  0
  
    MV    SD  r(Pd) dRV    Name               dRVI      Co   Wgt Ctr
 ----------------------------------------------------------------- ---
  10.8   9.2   0.98  95.65    DWD-MOS-MIX-test  95.66    0.54  54  52
 ----------------------------------------------------------------- ---
  10.9   9.1   0.98   1.85    juerga             0.79    0.46  46  44
 ----------------------------------------------------------------- ---
               RMSE E(RMSI)   RV(HC)  E(RVI)  Const N_Pr N_Obs
  10.7   9.39  1.93    1.95       0       2   -0.11   2  514

  
  RR-  FpI=  0
  
    MV    SD  r(Pd) dRV    Name               dRVI      Co   Wgt Ctr
 ----------------------------------------------------------------- ---
  13.0   6.1   0.84  70.06    juerga            69.90    0.57  66  47
 ----------------------------------------------------------------- ---
  13.0   6.2   0.83   1.37    DWD-MOS-Mix        0.30    0.29  34  24
 ----------------------------------------------------------------- ---
               RMSE E(RMSI)   RV(HC)  E(RVI)  Const N_Pr N_Obs
  12.5   6.19  3.36    3.39       0       2    1.40   2  514

  
