  N--  FpI=  0
  
    MV    SD  r(Pd) dRV    Name               dRVI      Co   Wgt Ctr
 ----------------------------------------------------------------- ---
  11.0   4.5   0.84  71.40    Georg             71.10    0.24  26  20
 ----------------------------------------------------------------- ---
  10.9   4.1   0.84   5.62    Nikosik            4.36    0.36  37  27
  11.2   3.3   0.79   1.99    meteoleipzig       0.77    0.20  16  12
  10.9   4.2   0.83   1.42    Jade               0.16    0.20  21  15
 ----------------------------------------------------------------- ---
               RMSE E(RMSI)   RV(HC)  E(RVI)  Const N_Pr N_Obs
  11.0   4.64  2.37    2.43      74      73   -0.12   4  514
 
  
  rSd  FpI=  0
  
    MV    SD  r(Pd) dRV    Name               dRVI      Co   Wgt Ctr
 ----------------------------------------------------------------- ---
  12.8   9.9   0.89  79.03    Georg             78.91    0.22  22  18
 ----------------------------------------------------------------- ---
  12.3   9.7   0.89   5.34    snowthom           4.10    0.33  33  27
  13.0   9.7   0.88   2.40    Heiko              1.19    0.24  24  19
  12.3   9.7   0.88   1.32    ambot_lang         0.06    0.21  21  17
 ----------------------------------------------------------------- ---
               RMSE E(RMSI)   RV(HC)  E(RVI)  Const N_Pr N_Obs
  11.9  10.69  4.67    4.78      81      80   -0.73   4  514
 
  
  dd-  FpI=  0
  
    MV    SD  r(Pd) dRV    Name               dRVI      Co   Wgt Ctr
 ----------------------------------------------------------------- ---
  10.1   9.9   0.95  91.20    Georg             91.12    0.50  54  51
 ----------------------------------------------------------------- ---
  10.1   9.7   0.95  12.60    Pfingstochse      11.46    0.37  38  36
   8.8  11.7   0.70   4.62    Persistenz         3.37    0.07   8   6
 ----------------------------------------------------------------- ---
               RMSE E(RMSI)   RV(HC)  E(RVI)  Const N_Pr N_Obs
  10.1   9.40  2.55    2.59      93      92    0.70   3  514
 
  
  ff-  FpI=  0
  
    MV    SD  r(Pd) dRV    Name               dRVI      Co   Wgt Ctr
 ----------------------------------------------------------------- ---
   9.4   3.3   0.88  77.62    Nikosik           77.53    0.54  46  37
 ----------------------------------------------------------------- ---
   9.8   3.7   0.87   4.16    Schneegewitter     2.90    0.28  28  22
   9.2   3.3   0.87   2.07    sferics            0.83    0.30  26  20
 ----------------------------------------------------------------- ---
               RMSE E(RMSI)   RV(HC)  E(RVI)  Const N_Pr N_Obs
   9.7   4.21  1.92    1.96      79      78   -0.89   3  514
 
  
       0: Error= -15.1 Obs=  32.0 Pr=    16.0    16.0    15.8
  fx-  FpI=  0
  
    MV    SD  r(Pd) dRV    Name               dRVI      Co   Wgt Ctr
 ----------------------------------------------------------------- ---
   4.0   1.9   0.86  73.44    Nikosik           73.27    0.23  25  19
 ----------------------------------------------------------------- ---
   4.0   1.9   0.86   5.90    Heiko              4.66    0.48  50  38
   4.0   2.0   0.83   1.54    Georg              0.65    0.23  25  19
 ----------------------------------------------------------------- ---
               RMSE E(RMSI)   RV(HC)  E(RVI)  Const N_Pr N_Obs
   4.0   2.04  1.01    1.03      76      75    0.25   3  514
 
  
  Wv-  FpI=  0
  
    MV    SD  r(Pd) dRV    Name               dRVI      Co   Wgt Ctr
 ----------------------------------------------------------------- ---
   5.5   4.0   0.73  52.85    Nikosik           52.47    0.27  29  21
 ----------------------------------------------------------------- ---
   6.1   4.2   0.72  17.81    MSwr-GFS-MOS      16.77    0.25  27  19
   6.8   4.4   0.68   6.60    Ms.Os              5.38    0.17  20  13
   6.2   4.2   0.22   2.28    Persistenz         1.05    0.08   9   2
   6.6   4.4   0.69   2.02    fresh              0.81    0.13  15  10
 ----------------------------------------------------------------- ---
               RMSE E(RMSI)   RV(HC)  E(RVI)  Const N_Pr N_Obs
   7.8   3.87  2.28    2.35      65      63    2.25   5  514
 
  
  Wn-  FpI=  0
  
    MV    SD  r(Pd) dRV    Name               dRVI      Co   Wgt Ctr
 ----------------------------------------------------------------- ---
   8.1   3.3   0.76  58.37    Grisuji-EZ-L1-MO  58.06    0.55  46  33
 ----------------------------------------------------------------- ---
   7.7   3.3   0.66  10.89    meteoleipzig       9.74    0.28  24  15
   7.7   3.4   0.73   2.96    Sven/Titisee-Neu   1.76    0.24  22  15
   8.2   3.5   0.16   1.80    Persistenz         0.56    0.10   9   1
 ----------------------------------------------------------------- ---
               RMSE E(RMSI)   RV(HC)  E(RVI)  Const N_Pr N_Obs
   8.3   4.07  2.42    2.48      65      63   -0.99   4  514
 
  
  PPP  FpI=  0
  
    MV    SD  r(Pd) dRV    Name               dRVI      Co   Wgt Ctr
 ----------------------------------------------------------------- ---
  15.6   8.9   1.00  99.20    Georg             99.15    0.29  29  29
 ----------------------------------------------------------------- ---
  15.6   8.9   1.00   7.56    Pfingstochse       6.31    0.71  71  70
 ----------------------------------------------------------------- ---
               RMSE E(RMSI)   RV(HC)  E(RVI)  Const N_Pr N_Obs
  15.6   8.96  0.79    0.80      99      99   -0.03   2  514
 
  
  TTm  FpI=  0
  
    MV    SD  r(Pd) dRV    Name               dRVI      Co   Wgt Ctr
 ----------------------------------------------------------------- ---
  26.1  14.1   0.99  98.60    snowthom          98.51    0.44  44  43
 ----------------------------------------------------------------- ---
  26.4  14.2   0.99   5.48    Schneegewitter     4.31    0.33  33  33
  26.0  13.9   0.99   2.25    Ms.Os              1.00    0.24  23  23
 ----------------------------------------------------------------- ---
               RMSE E(RMSI)   RV(HC)  E(RVI)  Const N_Pr N_Obs
  26.1  14.20  1.66    1.69      99      99   -0.07   3  514
 
  
  TTn  FpI=  0
  
    MV    SD  r(Pd) dRV    Name               dRVI      Co   Wgt Ctr
 ----------------------------------------------------------------- ---
  12.4   9.9   0.99  97.42    ambot_lang        97.36    0.37  37  36
 ----------------------------------------------------------------- ---
  11.9  10.0   0.99   9.42    Georg              8.26    0.38  38  37
  12.1  10.1   0.99   1.82    Schneegewitter     0.57    0.25  25  25
 ----------------------------------------------------------------- ---
               RMSE E(RMSI)   RV(HC)  E(RVI)  Const N_Pr N_Obs
  12.2  10.05  1.53    1.56      98      98    0.13   3  514
 
  
  TTd  FpI=  0
  
    MV    SD  r(Pd) dRV    Name               dRVI      Co   Wgt Ctr
 ----------------------------------------------------------------- ---
   8.9   9.0   0.97  94.67    Georg             94.71    0.43  43  41
 ----------------------------------------------------------------- ---
   9.7   9.0   0.96   6.45    meteoleipzig       5.23    0.24  24  23
   9.3   9.0   0.97   2.53    Bibertaler         1.46    0.32  33  31
 ----------------------------------------------------------------- ---
               RMSE E(RMSI)   RV(HC)  E(RVI)  Const N_Pr N_Obs
   9.1   9.10  1.99    2.02      95      95   -0.06   3  514
 
  
  RR-  FpI=  0
  
    MV    SD  r(Pd) dRV    Name               dRVI      Co   Wgt Ctr
 ----------------------------------------------------------------- ---
  10.7   4.0   0.82  67.24    Nikosik           66.91    0.48  53  37
 ----------------------------------------------------------------- ---
  11.1   4.2   0.82   7.40    Jade               6.17    0.42  47  33
 ----------------------------------------------------------------- ---
               RMSE E(RMSI)   RV(HC)  E(RVI)  Const N_Pr N_Obs
  10.5   4.34  2.39    2.42      70      69    0.65   2  514
 
  
