  N--  FpI=  0
  
    MV    SD  r(Pd) dRV    Name               dRVI      Co   Wgt Ctr
 ----------------------------------------------------------------- ---
  11.0   4.4   0.82  67.40    Ms.Os             67.07    0.43  45  33
 ----------------------------------------------------------------- ---
  11.1   3.6   0.80  14.67    Kaltlufttropfen   13.68    0.37  32  23
  11.3   3.8   0.82   1.90    Schneegewitter     0.84    0.25  23  17
 ----------------------------------------------------------------- ---
               RMSE E(RMSI)   RV(HC)  E(RVI)  Const N_Pr N_Obs
  11.2   4.73  2.47    2.51      73      72   -0.60   3  514
 
  
  rSd  FpI=  0
  
    MV    SD  r(Pd) dRV    Name               dRVI      Co   Wgt Ctr
 ----------------------------------------------------------------- ---
  12.9   9.0   0.86  73.79    Schneegewitter    73.63    0.27  26  20
 ----------------------------------------------------------------- ---
  12.7   8.8   0.86   5.24    Snab_LE            4.15    0.33  30  23
  13.1   9.5   0.84   2.16    Kaltlufttropfen    1.06    0.22  22  17
  13.5   8.8   0.84   1.42    Ms.Os              0.37    0.23  22  16
 ----------------------------------------------------------------- ---
               RMSE E(RMSI)   RV(HC)  E(RVI)  Const N_Pr N_Obs
  11.9  10.69  5.23    5.34      76      75   -1.88   4  514
 
  
  dd-  FpI=  0
  
    MV    SD  r(Pd) dRV    Name               dRVI      Co   Wgt Ctr
 ----------------------------------------------------------------- ---
  10.1  10.1   0.95  89.68    Mammatus95        89.55    0.46  49  46
 ----------------------------------------------------------------- ---
  10.6  10.0   0.92   7.45    meteoleipzig       6.41    0.16  16  15
   9.4  12.3   0.69   5.11    Persistenz         4.05    0.08  10   7
  10.4  10.0   0.94   2.07    humilis91          1.52    0.24  25  23
 ----------------------------------------------------------------- ---
               RMSE E(RMSI)   RV(HC)  E(RVI)  Const N_Pr N_Obs
  10.1   9.70  2.89    2.95      91      91    0.44   4  514
 
  
  ff-  FpI=  0
  
    MV    SD  r(Pd) dRV    Name               dRVI      Co   Wgt Ctr
 ----------------------------------------------------------------- ---
   7.2   2.8   0.86  74.30    humilis91         74.03    0.56  48  37
 ----------------------------------------------------------------- ---
   7.6   3.0   0.85   2.86    Snab_LE            1.74    0.31  29  22
   7.4   3.3   0.84   1.32    Ms.Os              0.23    0.22  22  17
 ----------------------------------------------------------------- ---
               RMSE E(RMSI)   RV(HC)  E(RVI)  Const N_Pr N_Obs
   7.7   3.67  1.82    1.85      75      75   -0.25   3  514
 
  
  fx-  FpI=  0
  
    MV    SD  r(Pd) dRV    Name               dRVI      Co   Wgt Ctr
 ----------------------------------------------------------------- ---
   4.1   2.1   0.80  64.16    Pfingstochse      63.84    0.11  13   9
 ----------------------------------------------------------------- ---
   3.5   1.4   0.77  13.40    MSwr-GFS-MOS      12.42    0.25  20  14
   3.8   1.7   0.79   4.62    Snab_LE            3.59    0.25  24  17
   4.0   2.0   0.80   1.37    fresh              1.04    0.26  29  21
   4.0   2.0   0.74   1.46    meteoleipzig       0.47    0.12  13   9
 ----------------------------------------------------------------- ---
               RMSE E(RMSI)   RV(HC)  E(RVI)  Const N_Pr N_Obs
   4.0   1.93  1.03    1.06      71      70    0.18   5  514
 
  
  Wv-  FpI=  0
  
    MV    SD  r(Pd) dRV    Name               dRVI      Co   Wgt Ctr
 ----------------------------------------------------------------- ---
   6.2   4.1   0.72  51.70    DWD-MOS-MIX-test  51.35    0.11  11   7
 ----------------------------------------------------------------- ---
   6.2   4.1   0.66  10.56    Snab_LE            9.56    0.24  24  15
   6.5   4.3   0.71   5.57    Kaltlufttropfen    4.70    0.28  31  20
   6.6   4.4   0.71   1.39    Pfingstochse       0.84    0.23  26  17
   5.6   3.8   0.18   1.39    Persistenz         0.37    0.09   8   1
 ----------------------------------------------------------------- ---
               RMSE E(RMSI)   RV(HC)  E(RVI)  Const N_Pr N_Obs
   8.1   4.28  2.69    2.76      61      59    2.13   5  514
 
  
  Wn-  FpI=  0
  
    MV    SD  r(Pd) dRV    Name               dRVI      Co   Wgt Ctr
 ----------------------------------------------------------------- ---
   7.5   3.2   0.77  59.29    Schneegewitter    58.97    0.52  46  31
 ----------------------------------------------------------------- ---
   7.9   3.3   0.75  14.44    Snab_LE           13.46    0.44  39  26
   7.3   3.2   0.70   1.77    humilis91          0.68    0.18  16  10
 ----------------------------------------------------------------- ---
               RMSE E(RMSI)   RV(HC)  E(RVI)  Const N_Pr N_Obs
   8.0   4.23  2.47    2.51      66      65   -0.71   3  514
 
  
  PPP  FpI=  0
  
    MV    SD  r(Pd) dRV    Name               dRVI      Co   Wgt Ctr
 ----------------------------------------------------------------- ---
  15.8   8.6   1.00  99.00    fresh             99.01    0.53  53  52
 ----------------------------------------------------------------- ---
  15.9   8.6   1.00   5.29    Pfingstochse       4.19    0.47  47  47
 ----------------------------------------------------------------- ---
               RMSE E(RMSI)   RV(HC)  E(RVI)  Const N_Pr N_Obs
  15.8   8.67  0.84    0.84      99      99   -0.11   2  514
 
  
  TTm  FpI=  0
  
    MV    SD  r(Pd) dRV    Name               dRVI      Co   Wgt Ctr
 ----------------------------------------------------------------- ---
  26.1  13.8   0.99  98.21    Bibertaler        98.11   -0.01  -1  -1
 ----------------------------------------------------------------- ---
  26.1  13.8   0.99   9.92    Wolkenteiler       8.94    0.59  57  57
  26.0  13.8   0.99   5.66    Ms.Os              5.21    0.44  42  42
 ----------------------------------------------------------------- ---
               RMSE E(RMSI)   RV(HC)  E(RVI)  Const N_Pr N_Obs
  26.1  14.16  1.78    1.81      98      98   -0.51   3  514
 
  
  TTn  FpI=  0
  
    MV    SD  r(Pd) dRV    Name               dRVI      Co   Wgt Ctr
 ----------------------------------------------------------------- ---
  12.0   9.8   0.99  97.42    MSwr-MOS-Mix      97.30    0.31  30  30
 ----------------------------------------------------------------- ---
  12.0   9.9   0.99   8.53    Snab_LE            7.48    0.41  41  40
  11.8   9.8   0.99   2.50    Ms.Os              1.44    0.29  29  28
 ----------------------------------------------------------------- ---
               RMSE E(RMSI)   RV(HC)  E(RVI)  Const N_Pr N_Obs
  11.8  10.06  1.55    1.58      98      98   -0.30   3  514
 
  
  TTd  FpI=  0
  
    MV    SD  r(Pd) dRV    Name               dRVI      Co   Wgt Ctr
 ----------------------------------------------------------------- ---
   9.6   8.5   0.97  95.06    humilis91         94.96    0.33  33  31
 ----------------------------------------------------------------- ---
   9.2   8.6   0.97   4.71    Pfingstochse       3.65    0.34  35  33
   9.5   8.7   0.97   2.72    Snab_LE            1.71    0.32  33  31
 ----------------------------------------------------------------- ---
               RMSE E(RMSI)   RV(HC)  E(RVI)  Const N_Pr N_Obs
   9.8   8.70  1.87    1.90      95      95    0.43   3  514
 
  
  RR-  FpI=  0
  
    MV    SD  r(Pd) dRV    Name               dRVI      Co   Wgt Ctr
 ----------------------------------------------------------------- ---
  11.6   4.7   0.79  62.88    MSwr-MOS-Mix      62.59    0.36  44  30
 ----------------------------------------------------------------- ---
  10.9   4.6   0.78   4.49    Ms.Os              3.43    0.27  34  22
  11.3   4.4   0.72   3.10    meteoleipzig       2.04    0.19  22  13
 ----------------------------------------------------------------- ---
               RMSE E(RMSI)   RV(HC)  E(RVI)  Const N_Pr N_Obs
  10.9   4.41  2.58    2.62      66      65    1.62   3  514
 
  
