  N--  FpI=  0
  
    MV    SD  r(Pd) dRV    Name               dRVI      Co   Wgt Ctr
 ----------------------------------------------------------------- ---
  10.4   4.7   0.83  68.39    juerga            68.09    0.21  21  15
 ----------------------------------------------------------------- ---
  10.1   4.8   0.83   4.97    ww75               3.93    0.39  41  29
  10.3   4.6   0.83   2.22    Mammatus95         1.33    0.37  38  27
 ----------------------------------------------------------------- ---
               RMSE E(RMSI)   RV(HC)  E(RVI)  Const N_Pr N_Obs
   9.9   5.29  2.86    2.91      71      70    0.09   3  514
 
  
  rSd  FpI=  0
  
    MV    SD  r(Pd) dRV    Name               dRVI      Co   Wgt Ctr
 ----------------------------------------------------------------- ---
  11.7  10.4   0.91  81.90    Sven/Titisee-Neu  81.80    0.34  34  28
 ----------------------------------------------------------------- ---
  11.9  10.1   0.89   6.45    Schneeflöckli      5.44    0.24  23  19
  11.5  10.0   0.89   1.80    Mammatus95         0.73    0.20  19  16
  11.0  10.8   0.90   1.14    Hurricane          0.13    0.23  24  20
 ----------------------------------------------------------------- ---
               RMSE E(RMSI)   RV(HC)  E(RVI)  Const N_Pr N_Obs
  11.1  11.16  4.52    4.61      84      83   -0.44   4  514
 
  
  dd-  FpI=  0
  
    MV    SD  r(Pd) dRV    Name               dRVI      Co   Wgt Ctr
 ----------------------------------------------------------------- ---
   8.3  12.5   0.92  83.72    DWD-ICON-MOS      83.65    0.12  13  13
 ----------------------------------------------------------------- ---
   8.2  16.1   0.81  35.28    Persistenz        34.62    0.16  23  20
   7.7  11.0   0.88  13.32    MSwr-MOS-Mix      13.16    0.10  10  10
   8.5  12.6   0.91   5.24    humilis91          5.02    0.15  17  17
   8.6  11.9   0.89   4.12    Ms.Os              3.40    0.12  13  13
   8.1  12.2   0.89   3.50    Schneeflöckli      3.79    0.14  15  14
   8.3  11.9   0.89   1.04    DWD-EZ-MOS         0.14    0.07   7   7
 ----------------------------------------------------------------- ---
               RMSE E(RMSI)   RV(HC)  E(RVI)  Const N_Pr N_Obs
   7.9  10.42  2.88    2.98      92      92    0.90   7  514
 
  
  ff-  FpI=  0
  
    MV    SD  r(Pd) dRV    Name               dRVI      Co   Wgt Ctr
 ----------------------------------------------------------------- ---
   5.9   2.9   0.83  69.06    Hurricane         68.90    0.52  52  37
 ----------------------------------------------------------------- ---
   5.4   2.7   0.83   7.29    Ms.Os              6.24    0.52  48  34
 ----------------------------------------------------------------- ---
               RMSE E(RMSI)   RV(HC)  E(RVI)  Const N_Pr N_Obs
   5.9   3.39  1.81    1.83      71      71   -0.04   2  514
 
  
  fx-  FpI=  0
  
    MV    SD  r(Pd) dRV    Name               dRVI      Co   Wgt Ctr
 ----------------------------------------------------------------- ---
   4.0   2.1   0.88  77.79    ww75              77.69    0.48  47  37
 ----------------------------------------------------------------- ---
   3.8   2.0   0.86   4.67    MSwr-EZ-MOS        3.60    0.27  25  20
   3.9   2.1   0.87   2.25    Hurricane          1.22    0.28  28  22
 ----------------------------------------------------------------- ---
               RMSE E(RMSI)   RV(HC)  E(RVI)  Const N_Pr N_Obs
   4.1   2.38  1.08    1.09      79      79    0.06   3  514
 
  
  Wv-  FpI=  0
  
    MV    SD  r(Pd) dRV    Name               dRVI      Co   Wgt Ctr
 ----------------------------------------------------------------- ---
   6.6   4.1   0.67  45.02    ww75              44.66    0.26  30  16
 ----------------------------------------------------------------- ---
   6.6   4.3   0.67   6.71    Hochfirst          5.70    0.27  33  18
   6.4   4.1   0.65   1.82    DWD-MOS-MIX-test   0.79    0.22  25  13
   5.6   3.8   0.31   1.74    Persistenz         0.71    0.11  12   3
 ----------------------------------------------------------------- ---
               RMSE E(RMSI)   RV(HC)  E(RVI)  Const N_Pr N_Obs
   8.4   4.37  3.07    3.13      51      49    2.92   4  514
 
  
  Wn-  FpI=  0
  
    MV    SD  r(Pd) dRV    Name               dRVI      Co   Wgt Ctr
 ----------------------------------------------------------------- ---
   7.5   3.3   0.78  60.06    Hurricane         59.77    0.57  51  34
 ----------------------------------------------------------------- ---
   8.1   3.3   0.71   6.76    meteoleipzig       5.74    0.31  27  17
   7.5   3.4   0.69   3.76    DWD-ICON-MOS       2.75    0.25  22  13
 ----------------------------------------------------------------- ---
               RMSE E(RMSI)   RV(HC)  E(RVI)  Const N_Pr N_Obs
   8.3   4.34  2.60    2.64      64      63   -0.31   3  514
 
  
  PPP  FpI=  0
  
    MV    SD  r(Pd) dRV    Name               dRVI      Co   Wgt Ctr
 ----------------------------------------------------------------- ---
  16.5   7.4   0.99  98.21    DWD-EZ-MOS        98.15    0.22  21  21
 ----------------------------------------------------------------- ---
  16.4   7.4   0.99   6.76    MSwr-MOS-Mix       5.69    0.39  39  38
  16.6   7.4   0.99   2.62    Hochfirst          1.72    0.41  40  39
 ----------------------------------------------------------------- ---
               RMSE E(RMSI)   RV(HC)  E(RVI)  Const N_Pr N_Obs
  16.3   7.56  0.98    0.99      98      98   -0.41   3  514
 
  
  TTm  FpI=  0
  
    MV    SD  r(Pd) dRV    Name               dRVI      Co   Wgt Ctr
 ----------------------------------------------------------------- ---
  25.7  13.3   0.99  97.42    juerga            97.40    0.73  73  71
 ----------------------------------------------------------------- ---
  25.4  13.2   0.98   2.86    Ms.Os              1.77    0.28  27  27
 ----------------------------------------------------------------- ---
               RMSE E(RMSI)   RV(HC)  E(RVI)  Const N_Pr N_Obs
  25.5  13.55  2.14    2.17      97      97   -0.34   2  514
 
  
  TTn  FpI=  0
  
    MV    SD  r(Pd) dRV    Name               dRVI      Co   Wgt Ctr
 ----------------------------------------------------------------- ---
  12.1   9.8   0.99  97.61    Hurricane         97.61    0.71  71  69
 ----------------------------------------------------------------- ---
  11.9   9.5   0.99   3.57    Ms.Os              2.49    0.30  29  28
 ----------------------------------------------------------------- ---
               RMSE E(RMSI)   RV(HC)  E(RVI)  Const N_Pr N_Obs
  11.8   9.88  1.49    1.51      98      98   -0.25   2  514
 
  
  TTd  FpI=  0
  
    MV    SD  r(Pd) dRV    Name               dRVI      Co   Wgt Ctr
 ----------------------------------------------------------------- ---
  10.9   9.1   0.98  95.84    juerga            95.72    0.00   0   0
 ----------------------------------------------------------------- ---
  11.4   9.4   0.98  13.99    meteoleipzig      13.02    0.46  46  45
  10.8   9.2   0.98   1.17    DWD-MOS-MIX-test   2.19    0.54  53  52
 ----------------------------------------------------------------- ---
               RMSE E(RMSI)   RV(HC)  E(RVI)  Const N_Pr N_Obs
  10.7   9.39  1.77    1.79      96      96   -0.27   3  514
 
  
  RR-  FpI=  0
  
    MV    SD  r(Pd) dRV    Name               dRVI      Co   Wgt Ctr
 ----------------------------------------------------------------- ---
  13.1   6.5   0.84  70.22    Ms.Os             70.00    0.39  46  34
 ----------------------------------------------------------------- ---
  13.0   6.3   0.84   5.90    Sven/Titisee-Neu   4.88    0.30  35  25
  13.6   6.5   0.79   1.82    MSwr-GFS-MOS       0.80    0.16  19  13
 ----------------------------------------------------------------- ---
               RMSE E(RMSI)   RV(HC)  E(RVI)  Const N_Pr N_Obs
  12.5   6.19  3.24    3.29      73      72    1.37   3  514
 
  
